Log file open, 06/21/22 19:18:33
LogWindows: Failed to load 'aqProf.dll' (GetLastError=126)
LogWindows: File 'aqProf.dll' does not exist
LogWindows: Failed to load 'VtuneApi.dll' (GetLastError=126)
LogWindows: File 'VtuneApi.dll' does not exist
LogWindows: Failed to load 'VtuneApi32e.dll' (GetLastError=126)
LogWindows: File 'VtuneApi32e.dll' does not exist
LogConsoleResponse: Display: Failed to find resolution value strings in scalability ini. Falling back to default.
LogConsoleResponse: Display: Failed to find resolution value strings in scalability ini. Falling back to default.
LogInit: Display: Running engine for game: MyProject4
LogPlatformFile: Not using cached read wrapper
LogTaskGraph: Started task graph with 5 named threads and 23 total threads with 3 sets of task threads.
LogStats: Stats thread started at 15.324858
LogICUInternationalization: ICU TimeZone Detection - Raw Offset: +3:00, Platform Override: ''
LogInit: Display: Loading text-based GConfig....
LogPluginManager: Mounting plugin MeshPainting
LogPluginManager: Mounting plugin XGEController
LogPluginManager: Mounting plugin Paper2D
LogPluginManager: Mounting plugin CameraShakePreviewer
LogPluginManager: Mounting plugin GameplayCameras
LogPluginManager: Mounting plugin AISupport
LogPluginManager: Mounting plugin EnvironmentQueryEditor
LogPluginManager: Mounting plugin OodleNetwork
LogPluginManager: Mounting plugin OodleData
LogPluginManager: Mounting plugin AnimationSharing
LogPluginManager: Mounting plugin CodeLiteSourceCodeAccess
LogPluginManager: Mounting plugin KDevelopSourceCodeAccess
LogPluginManager: Mounting plugin GitSourceControl
LogPluginManager: Mounting plugin CLionSourceCodeAccess
LogPluginManager: Mounting plugin PerforceSourceControl
LogPluginManager: Mounting plugin NullSourceCodeAccess
LogPluginManager: Mounting plugin PixWinPlugin
LogPluginManager: Mounting plugin PlasticSourceControl
LogPluginManager: Mounting plugin PropertyAccessNode
LogPluginManager: Mounting plugin SubversionSourceControl
LogPluginManager: Mounting plugin TextureFormatOodle
LogPluginManager: Mounting plugin PluginUtils
LogPluginManager: Mounting plugin RiderSourceCodeAccess
LogPluginManager: Mounting plugin UObjectPlugin
LogPluginManager: Mounting plugin AssetManagerEditor
LogPluginManager: Mounting plugin XCodeSourceCodeAccess
LogPluginManager: Mounting plugin VisualStudioSourceCodeAccess
LogPluginManager: Mounting plugin VisualStudioCodeSourceCodeAccess
LogPluginManager: Mounting plugin DatasmithContent
LogPluginManager: Mounting plugin VariantManagerContent
LogPluginManager: Mounting plugin CryptoKeys
LogPluginManager: Mounting plugin CurveEditorTools
LogPluginManager: Mounting plugin DataValidation
LogPluginManager: Mounting plugin FacialAnimation
LogPluginManager: Mounting plugin GameplayTagsEditor
LogPluginManager: Mounting plugin GeometryMode
LogPluginManager: Mounting plugin MacGraphicsSwitching
LogPluginManager: Mounting plugin MaterialAnalyzer
LogPluginManager: Mounting plugin MobileLauncherProfileWizard
LogPluginManager: Mounting plugin SpeedTreeImporter
LogPluginManager: Mounting plugin PluginBrowser
LogPluginManager: Mounting plugin AlembicImporter
LogPluginManager: Mounting plugin AutomationUtils
LogPluginManager: Mounting plugin BackChannel
LogPluginManager: Mounting plugin ChaosCloth
LogPluginManager: Mounting plugin ChaosClothEditor
LogPluginManager: Mounting plugin ChaosEditor
LogPluginManager: Mounting plugin ChaosNiagara
LogPluginManager: Mounting plugin ChaosSolverPlugin
LogPluginManager: Mounting plugin CharacterAI
LogPluginManager: Mounting plugin GeometryCollectionPlugin
LogPluginManager: Mounting plugin GeometryCache
LogPluginManager: Mounting plugin GeometryProcessing
LogPluginManager: Mounting plugin Niagara
LogPluginManager: Mounting plugin OpenImageDenoise
LogPluginManager: Mounting plugin MotoSynth
LogPluginManager: Mounting plugin ProxyLODPlugin
LogPluginManager: Mounting plugin PlatformCrypto
LogPluginManager: Mounting plugin PlanarCut
LogPluginManager: Mounting plugin PythonScriptPlugin
LogPluginManager: Mounting plugin SkeletalReduction
LogPluginManager: Mounting plugin LuminPlatformFeatures
LogPluginManager: Mounting plugin MagicLeap
LogPluginManager: Mounting plugin MagicLeapLightEstimation
LogPluginManager: Mounting plugin MagicLeapMedia
LogPluginManager: Mounting plugin MagicLeapPassableWorld
LogPluginManager: Mounting plugin MLSDK
LogPluginManager: Mounting plugin AndroidMedia
LogPluginManager: Mounting plugin AvfMedia
LogPluginManager: Mounting plugin MediaCompositing
LogPluginManager: Mounting plugin ImgMedia
LogPluginManager: Mounting plugin MediaPlayerEditor
LogPluginManager: Mounting plugin WebMMedia
LogPluginManager: Mounting plugin WmfMedia
LogPluginManager: Mounting plugin ActorSequence
LogPluginManager: Mounting plugin TcpMessaging
LogPluginManager: Mounting plugin LevelSequenceEditor
LogPluginManager: Mounting plugin UdpMessaging
LogPluginManager: Mounting plugin MatineeToLevelSequence
LogPluginManager: Mounting plugin TemplateSequence
LogPluginManager: Mounting plugin OnlineSubsystem
LogPluginManager: Mounting plugin OnlineSubsystemNull
LogPluginManager: Mounting plugin OnlineSubsystemUtils
LogPluginManager: Mounting plugin ActorLayerUtilities
LogPluginManager: Mounting plugin AndroidDeviceProfileSelector
LogPluginManager: Mounting plugin AndroidMoviePlayer
LogPluginManager: Mounting plugin AndroidPermission
LogPluginManager: Mounting plugin AppleImageUtils
LogPluginManager: Mounting plugin AppleMoviePlayer
LogPluginManager: Mounting plugin ArchVisCharacter
LogPluginManager: Mounting plugin AudioCapture
LogPluginManager: Mounting plugin AssetTags
LogPluginManager: Mounting plugin AudioSynesthesia
LogPluginManager: Mounting plugin ChunkDownloader
LogPluginManager: Mounting plugin CustomMeshComponent
LogPluginManager: Mounting plugin CableComponent
LogPluginManager: Mounting plugin EditableMesh
LogPluginManager: Mounting plugin ExampleDeviceProfileSelector
LogPluginManager: Mounting plugin GoogleCloudMessaging
LogPluginManager: Mounting plugin LauncherChunkInstaller
LogPluginManager: Mounting plugin GooglePAD
LogPluginManager: Mounting plugin IOSDeviceProfileSelector
LogPluginManager: Mounting plugin LinuxDeviceProfileSelector
LogPluginManager: Mounting plugin LocationServicesBPLibrary
LogPluginManager: Mounting plugin MobilePatchingUtils
LogPluginManager: Mounting plugin OpenXR
LogPluginManager: Mounting plugin OpenXREyeTracker
LogPluginManager: Mounting plugin OpenXRHandTracking
LogPluginManager: Mounting plugin PostSplashScreen
LogPluginManager: Mounting plugin PhysXVehicles
LogPluginManager: Mounting plugin ProceduralMeshComponent
LogPluginManager: Mounting plugin SignificanceManager
LogPluginManager: Mounting plugin RuntimePhysXCooking
LogPluginManager: Mounting plugin PropertyAccessEditor
LogPluginManager: Mounting plugin SoundFields
LogPluginManager: Mounting plugin Synthesis
LogPluginManager: Mounting plugin WebMMoviePlayer
LogPluginManager: Mounting plugin WindowsMoviePlayer
LogPluginManager: Mounting plugin ScreenshotTools
LogPluginManager: Mounting plugin Takes
LogPluginManager: Mounting plugin LightPropagationVolume
LogPluginManager: Mounting plugin LiveLink
LogPluginManager: Mounting plugin ContentBrowserAssetDataSource
LogPluginManager: Mounting plugin ContentBrowserClassDataSource
LogPluginManager: Mounting plugin ContentBrowserFileDataSource
LogPluginManager: Mounting plugin OnlineSubsystemGooglePlay
LogPluginManager: Mounting plugin OnlineSubsystemIOS
LogPluginManager: Mounting plugin OculusVR
LogPluginManager: Mounting plugin SteamVR
PixWinPlugin: PIX capture plugin failed to initialize! Check that the process is launched from PIX.
LogLuminAPIImpl: Warning: MLSDK not found.  This likely means the MLSDK environment variable is not set.
LogInit: Using libcurl 7.55.1-DEV
LogInit:  - built for x86_64-pc-win32
LogInit:  - supports SSL with OpenSSL/1.1.1
LogInit:  - supports HTTP deflate (compression) using libz 1.2.8
LogInit:  - other features:
LogInit:      CURL_VERSION_SSL
LogInit:      CURL_VERSION_LIBZ
LogInit:      CURL_VERSION_IPV6
LogInit:      CURL_VERSION_ASYNCHDNS
LogInit:      CURL_VERSION_LARGEFILE
LogInit:      CURL_VERSION_IDN
LogInit:  CurlRequestOptions (configurable via config and command line):
LogInit:  - bVerifyPeer = true  - Libcurl will verify peer certificate
LogInit:  - bUseHttpProxy = false  - Libcurl will NOT use HTTP proxy
LogInit:  - bDontReuseConnections = false  - Libcurl will reuse connections
LogInit:  - MaxHostConnections = 16  - Libcurl will limit the number of connections to a host
LogInit:  - LocalHostAddr = Default
LogInit:  - BufferSize = 65536
LogOnline: OSS: Creating online subsystem instance for: NULL
LogInit: WinSock: version 1.1 (2.2), MaxSocks=32767, MaxUdp=65467
LogOnline: OSS: TryLoadSubsystemAndSetDefault: Loaded subsystem for module [NULL]
LogOculusPluginWrapper: OculusPlugin initialized successfully
LogHMD: Failed initializing OVRPlugin 1.59.0
LogInit: Build: ++UE4+Release-4.27-CL-18319896
LogInit: Engine Version: 4.27.2-18319896+++UE4+Release-4.27
LogInit: Compatible Engine Version: 4.27.0-17155196+++UE4+Release-4.27
LogInit: Net CL: 17155196
LogInit: OS: Windows 10 (Release 2009) (), CPU: AMD Ryzen 5 3550H with Radeon Vega Mobile Gfx  , GPU: AMD Radeon(TM) Vega 8 Graphics 
LogInit: Compiled (64-bit): Nov 30 2021 07:12:08
LogInit: Compiled with Visual C++: 19.24.28315.00
LogInit: Build Configuration: Development
LogInit: Branch Name: ++UE4+Release-4.27
LogInit: Command Line: 
LogInit: Base Directory: D:/Game dev/UE_4.27/Engine/Binaries/Win64/
LogInit: Allocator: TBB
LogInit: Installed Engine Build: 1
LogDevObjectVersion: Number of dev versions registered: 29
LogDevObjectVersion:   Dev-Blueprints (B0D832E4-1F89-4F0D-ACCF-7EB736FD4AA2): 10
LogDevObjectVersion:   Dev-Build (E1C64328-A22C-4D53-A36C-8E866417BD8C): 0
LogDevObjectVersion:   Dev-Core (375EC13C-06E4-48FB-B500-84F0262A717E): 4
LogDevObjectVersion:   Dev-Editor (E4B068ED-F494-42E9-A231-DA0B2E46BB41): 40
LogDevObjectVersion:   Dev-Framework (CFFC743F-43B0-4480-9391-14DF171D2073): 37
LogDevObjectVersion:   Dev-Mobile (B02B49B5-BB20-44E9-A304-32B752E40360): 3
LogDevObjectVersion:   Dev-Networking (A4E4105C-59A1-49B5-A7C5-40C4547EDFEE): 0
LogDevObjectVersion:   Dev-Online (39C831C9-5AE6-47DC-9A44-9C173E1C8E7C): 0
LogDevObjectVersion:   Dev-Physics (78F01B33-EBEA-4F98-B9B4-84EACCB95AA2): 14
LogDevObjectVersion:   Dev-Platform (6631380F-2D4D-43E0-8009-CF276956A95A): 0
LogDevObjectVersion:   Dev-Rendering (12F88B9F-8875-4AFC-A67C-D90C383ABD29): 45
LogDevObjectVersion:   Dev-Sequencer (7B5AE74C-D270-4C10-A958-57980B212A5A): 13
LogDevObjectVersion:   Dev-VR (D7296918-1DD6-4BDD-9DE2-64A83CC13884): 3
LogDevObjectVersion:   Dev-LoadTimes (C2A15278-BFE7-4AFE-6C17-90FF531DF755): 1
LogDevObjectVersion:   Private-Geometry (6EACA3D4-40EC-4CC1-B786-8BED09428FC5): 3
LogDevObjectVersion:   Dev-AnimPhys (29E575DD-E0A3-4627-9D10-D276232CDCEA): 17
LogDevObjectVersion:   Dev-Anim (AF43A65D-7FD3-4947-9873-3E8ED9C1BB05): 15
LogDevObjectVersion:   Dev-ReflectionCapture (6B266CEC-1EC7-4B8F-A30B-E4D90942FC07): 1
LogDevObjectVersion:   Dev-Automation (0DF73D61-A23F-47EA-B727-89E90C41499A): 1
LogDevObjectVersion:   FortniteMain (601D1886-AC64-4F84-AA16-D3DE0DEAC7D6): 47
LogDevObjectVersion:   FortniteRelease (E7086368-6B23-4C58-8439-1B7016265E91): 1
LogDevObjectVersion:   Dev-Enterprise (9DFFBCD6-494F-0158-E221-12823C92A888): 10
LogDevObjectVersion:   Dev-Niagara (F2AED0AC-9AFE-416F-8664-AA7FFA26D6FC): 1
LogDevObjectVersion:   Dev-Destruction (174F1F0B-B4C6-45A5-B13F-2EE8D0FB917D): 10
LogDevObjectVersion:   Dev-Physics-Ext (35F94A83-E258-406C-A318-09F59610247C): 41
LogDevObjectVersion:   Dev-PhysicsMaterial-Chaos (B68FC16E-8B1B-42E2-B453-215C058844FE): 1
LogDevObjectVersion:   Dev-CineCamera (B2E18506-4273-CFC2-A54E-F4BB758BBA07): 1
LogDevObjectVersion:   Dev-VirtualProduction (64F58936-FD1B-42BA-BA96-7289D5D0FA4E): 1
LogDevObjectVersion:   Dev-MediaFramework (6F0ED827-A609-4895-9C91-998D90180EA4): 2
LogInit: Presizing for max 25165824 objects, including 0 objects not considered by GC, pre-allocating 0 bytes for permanent pool.
LogConfig: Applying CVar settings from Section [/Script/Engine.StreamingSettings] File [D:/Game dev/Projects_Git/MyProject4/Saved/Config/Windows/Engine.ini]
LogConfig: Setting CVar [[s.MinBulkDataSizeForAsyncLoading:131072]]
LogConfig: Setting CVar [[s.AsyncLoadingThreadEnabled:0]]
LogConfig: Setting CVar [[s.EventDrivenLoaderEnabled:1]]
LogConfig: Setting CVar [[s.WarnIfTimeLimitExceeded:0]]
LogConfig: Setting CVar [[s.TimeLimitExceededMultiplier:1.5]]
LogConfig: Setting CVar [[s.TimeLimitExceededMinTime:0.005]]
LogConfig: Setting CVar [[s.UseBackgroundLevelStreaming:1]]
LogConfig: Setting CVar [[s.PriorityAsyncLoadingExtraTime:15.0]]
LogConfig: Setting CVar [[s.LevelStreamingActorsUpdateTimeLimit:5.0]]
LogConfig: Setting CVar [[s.PriorityLevelStreamingActorsUpdateExtraTime:5.0]]
LogConfig: Setting CVar [[s.LevelStreamingComponentsRegistrationGranularity:10]]
LogConfig: Setting CVar [[s.UnregisterComponentsTimeLimit:1.0]]
LogConfig: Setting CVar [[s.LevelStreamingComponentsUnregistrationGranularity:5]]
LogConfig: Setting CVar [[s.FlushStreamingOnExit:1]]
LogInit: Object subsystem initialized
LogConfig: Setting CVar [[con.DebugEarlyDefault:1]]
LogConfig: Setting CVar [[r.setres:1280x720]]
[2022.06.21-16.18.33:975][  0]LogConfig: Setting CVar [[r.VSync:0]]
[2022.06.21-16.18.33:975][  0]LogConfig: Setting CVar [[r.RHICmdBypass:0]]
[2022.06.21-16.18.33:975][  0]LogConfig: Applying CVar settings from Section [/Script/Engine.RendererSettings] File [D:/Game dev/Projects_Git/MyProject4/Saved/Config/Windows/Engine.ini]
[2022.06.21-16.18.33:975][  0]LogConfig: Setting CVar [[r.GPUCrashDebugging:0]]
[2022.06.21-16.18.33:975][  0]LogConfig: Applying CVar settings from Section [/Script/Engine.RendererOverrideSettings] File [D:/Game dev/Projects_Git/MyProject4/Saved/Config/Windows/Engine.ini]
[2022.06.21-16.18.33:975][  0]LogConfig: Applying CVar settings from Section [/Script/Engine.StreamingSettings] File [D:/Game dev/Projects_Git/MyProject4/Saved/Config/Windows/Engine.ini]
[2022.06.21-16.18.33:975][  0]LogConfig: Setting CVar [[s.MinBulkDataSizeForAsyncLoading:131072]]
[2022.06.21-16.18.33:975][  0]LogConfig: Setting CVar [[s.AsyncLoadingThreadEnabled:0]]
[2022.06.21-16.18.33:975][  0]LogConfig: Setting CVar [[s.EventDrivenLoaderEnabled:1]]
[2022.06.21-16.18.33:975][  0]LogConfig: Setting CVar [[s.WarnIfTimeLimitExceeded:0]]
[2022.06.21-16.18.33:975][  0]LogConfig: Setting CVar [[s.TimeLimitExceededMultiplier:1.5]]
[2022.06.21-16.18.33:975][  0]LogConfig: Setting CVar [[s.TimeLimitExceededMinTime:0.005]]
[2022.06.21-16.18.33:975][  0]LogConfig: Setting CVar [[s.UseBackgroundLevelStreaming:1]]
[2022.06.21-16.18.33:975][  0]LogConfig: Setting CVar [[s.PriorityAsyncLoadingExtraTime:15.0]]
[2022.06.21-16.18.33:975][  0]LogConfig: Setting CVar [[s.LevelStreamingActorsUpdateTimeLimit:5.0]]
[2022.06.21-16.18.33:975][  0]LogConfig: Setting CVar [[s.PriorityLevelStreamingActorsUpdateExtraTime:5.0]]
[2022.06.21-16.18.33:975][  0]LogConfig: Setting CVar [[s.LevelStreamingComponentsRegistrationGranularity:10]]
[2022.06.21-16.18.33:975][  0]LogConfig: Setting CVar [[s.UnregisterComponentsTimeLimit:1.0]]
[2022.06.21-16.18.33:975][  0]LogConfig: Setting CVar [[s.LevelStreamingComponentsUnregistrationGranularity:5]]
[2022.06.21-16.18.33:975][  0]LogConfig: Setting CVar [[s.FlushStreamingOnExit:1]]
[2022.06.21-16.18.33:975][  0]LogConfig: Applying CVar settings from Section [/Script/Engine.GarbageCollectionSettings] File [D:/Game dev/Projects_Git/MyProject4/Saved/Config/Windows/Engine.ini]
[2022.06.21-16.18.33:975][  0]LogConfig: Setting CVar [[gc.MaxObjectsNotConsideredByGC:1]]
[2022.06.21-16.18.33:975][  0]LogConfig: Setting CVar [[gc.SizeOfPermanentObjectPool:0]]
[2022.06.21-16.18.33:975][  0]LogConfig: Setting CVar [[gc.FlushStreamingOnGC:0]]
[2022.06.21-16.18.33:975][  0]LogConfig: Setting CVar [[gc.NumRetriesBeforeForcingGC:10]]
[2022.06.21-16.18.33:975][  0]LogConfig: Setting CVar [[gc.AllowParallelGC:1]]
[2022.06.21-16.18.33:975][  0]LogConfig: Setting CVar [[gc.TimeBetweenPurgingPendingKillObjects:61.1]]
[2022.06.21-16.18.33:975][  0]LogConfig: Setting CVar [[gc.MaxObjectsInEditor:25165824]]
[2022.06.21-16.18.33:975][  0]LogConfig: Setting CVar [[gc.IncrementalBeginDestroyEnabled:1]]
[2022.06.21-16.18.33:975][  0]LogConfig: Setting CVar [[gc.CreateGCClusters:1]]
[2022.06.21-16.18.33:975][  0]LogConfig: Setting CVar [[gc.MinGCClusterSize:5]]
[2022.06.21-16.18.33:975][  0]LogConfig: Setting CVar [[gc.ActorClusteringEnabled:0]]
[2022.06.21-16.18.33:975][  0]LogConfig: Setting CVar [[gc.BlueprintClusteringEnabled:0]]
[2022.06.21-16.18.33:975][  0]LogConfig: Setting CVar [[gc.UseDisregardForGCOnDedicatedServers:0]]
[2022.06.21-16.18.33:975][  0]LogConfig: Setting CVar [[gc.MultithreadedDestructionEnabled:1]]
[2022.06.21-16.18.33:975][  0]LogConfig: Applying CVar settings from Section [/Script/Engine.NetworkSettings] File [D:/Game dev/Projects_Git/MyProject4/Saved/Config/Windows/Engine.ini]
[2022.06.21-16.18.33:976][  0]LogConfig: Applying CVar settings from Section [/Script/UnrealEd.CookerSettings] File [D:/Game dev/Projects_Git/MyProject4/Saved/Config/Windows/Engine.ini]
[2022.06.21-16.18.33:987][  0]LogConfig: Applying CVar settings from Section [ViewDistanceQuality@3] File [D:/Game dev/Projects_Git/MyProject4/Saved/Config/Windows/Scalability.ini]
[2022.06.21-16.18.33:987][  0]LogConfig: Setting CVar [[r.SkeletalMeshLODBias:0]]
[2022.06.21-16.18.33:987][  0]LogConfig: Setting CVar [[r.ViewDistanceScale:1.0]]
[2022.06.21-16.18.33:987][  0]LogConfig: Applying CVar settings from Section [AntiAliasingQuality@3] File [D:/Game dev/Projects_Git/MyProject4/Saved/Config/Windows/Scalability.ini]
[2022.06.21-16.18.33:987][  0]LogConfig: Setting CVar [[r.PostProcessAAQuality:4]]
[2022.06.21-16.18.33:987][  0]LogConfig: Applying CVar settings from Section [ShadowQuality@3] File [D:/Game dev/Projects_Git/MyProject4/Saved/Config/Windows/Scalability.ini]
[2022.06.21-16.18.33:987][  0]LogConfig: Setting CVar [[r.LightFunctionQuality:1]]
[2022.06.21-16.18.33:987][  0]LogConfig: Setting CVar [[r.ShadowQuality:5]]
[2022.06.21-16.18.33:987][  0]LogConfig: Setting CVar [[r.Shadow.CSM.MaxCascades:10]]
[2022.06.21-16.18.33:987][  0]LogConfig: Setting CVar [[r.Shadow.MaxResolution:2048]]
[2022.06.21-16.18.33:987][  0]LogConfig: Setting CVar [[r.Shadow.MaxCSMResolution:2048]]
[2022.06.21-16.18.33:987][  0]LogConfig: Setting CVar [[r.Shadow.RadiusThreshold:0.01]]
[2022.06.21-16.18.33:987][  0]LogConfig: Setting CVar [[r.Shadow.DistanceScale:1.0]]
[2022.06.21-16.18.33:987][  0]LogConfig: Setting CVar [[r.Shadow.CSM.TransitionScale:1.0]]
[2022.06.21-16.18.33:987][  0]LogConfig: Setting CVar [[r.Shadow.PreShadowResolutionFactor:1.0]]
[2022.06.21-16.18.33:987][  0]LogConfig: Setting CVar [[r.DistanceFieldShadowing:1]]
[2022.06.21-16.18.33:987][  0]LogConfig: Setting CVar [[r.DistanceFieldAO:1]]
[2022.06.21-16.18.33:987][  0]LogConfig: Setting CVar [[r.AOQuality:2]]
[2022.06.21-16.18.33:987][  0]LogConfig: Setting CVar [[r.VolumetricFog:1]]
[2022.06.21-16.18.33:987][  0]LogConfig: Setting CVar [[r.VolumetricFog.GridPixelSize:8]]
[2022.06.21-16.18.33:987][  0]LogConfig: Setting CVar [[r.VolumetricFog.GridSizeZ:128]]
[2022.06.21-16.18.33:987][  0]LogConfig: Setting CVar [[r.VolumetricFog.HistoryMissSupersampleCount:4]]
[2022.06.21-16.18.33:987][  0]LogConfig: Setting CVar [[r.LightMaxDrawDistanceScale:1]]
[2022.06.21-16.18.33:987][  0]LogConfig: Setting CVar [[r.CapsuleShadows:1]]
[2022.06.21-16.18.33:987][  0]LogConfig: Applying CVar settings from Section [PostProcessQuality@3] File [D:/Game dev/Projects_Git/MyProject4/Saved/Config/Windows/Scalability.ini]
[2022.06.21-16.18.33:987][  0]LogConfig: Setting CVar [[r.MotionBlurQuality:4]]
[2022.06.21-16.18.33:988][  0]LogConfig: Setting CVar [[r.AmbientOcclusionMipLevelFactor:0.4]]
[2022.06.21-16.18.33:988][  0]LogConfig: Setting CVar [[r.AmbientOcclusionMaxQuality:100]]
[2022.06.21-16.18.33:988][  0]LogConfig: Setting CVar [[r.AmbientOcclusionLevels:-1]]
[2022.06.21-16.18.33:988][  0]LogConfig: Setting CVar [[r.AmbientOcclusionRadiusScale:1.0]]
[2022.06.21-16.18.33:988][  0]LogConfig: Setting CVar [[r.DepthOfFieldQuality:2]]
[2022.06.21-16.18.33:988][  0]LogConfig: Setting CVar [[r.RenderTargetPoolMin:400]]
[2022.06.21-16.18.33:988][  0]LogConfig: Setting CVar [[r.LensFlareQuality:2]]
[2022.06.21-16.18.33:988][  0]LogConfig: Setting CVar [[r.SceneColorFringeQuality:1]]
[2022.06.21-16.18.33:988][  0]LogConfig: Setting CVar [[r.EyeAdaptationQuality:2]]
[2022.06.21-16.18.33:988][  0]LogConfig: Setting CVar [[r.BloomQuality:5]]
[2022.06.21-16.18.33:988][  0]LogConfig: Setting CVar [[r.FastBlurThreshold:100]]
[2022.06.21-16.18.33:988][  0]LogConfig: Setting CVar [[r.Upscale.Quality:3]]
[2022.06.21-16.18.33:988][  0]LogConfig: Setting CVar [[r.Tonemapper.GrainQuantization:1]]
[2022.06.21-16.18.33:988][  0]LogConfig: Setting CVar [[r.LightShaftQuality:1]]
[2022.06.21-16.18.33:988][  0]LogConfig: Setting CVar [[r.Filter.SizeScale:1]]
[2022.06.21-16.18.33:988][  0]LogConfig: Setting CVar [[r.Tonemapper.Quality:5]]
[2022.06.21-16.18.33:988][  0]LogConfig: Setting CVar [[r.DOF.Gather.AccumulatorQuality:1        ; higher gathering accumulator quality]]
[2022.06.21-16.18.33:988][  0]LogConfig: Setting CVar [[r.DOF.Gather.PostfilterMethod:1          ; Median3x3 postfilering method]]
[2022.06.21-16.18.33:988][  0]LogConfig: Setting CVar [[r.DOF.Gather.EnableBokehSettings:0       ; no bokeh simulation when gathering]]
[2022.06.21-16.18.33:988][  0]LogConfig: Setting CVar [[r.DOF.Gather.RingCount:4                 ; medium number of samples when gathering]]
[2022.06.21-16.18.33:988][  0]LogConfig: Setting CVar [[r.DOF.Scatter.ForegroundCompositing:1    ; additive foreground scattering]]
[2022.06.21-16.18.33:988][  0]LogConfig: Setting CVar [[r.DOF.Scatter.BackgroundCompositing:2    ; additive background scattering]]
[2022.06.21-16.18.33:988][  0]LogConfig: Setting CVar [[r.DOF.Scatter.EnableBokehSettings:1      ; bokeh simulation when scattering]]
[2022.06.21-16.18.33:988][  0]LogConfig: Setting CVar [[r.DOF.Scatter.MaxSpriteRatio:0.1         ; only a maximum of 10% of scattered bokeh]]
[2022.06.21-16.18.33:988][  0]LogConfig: Setting CVar [[r.DOF.Recombine.Quality:1                ; cheap slight out of focus]]
[2022.06.21-16.18.33:988][  0]LogConfig: Setting CVar [[r.DOF.Recombine.EnableBokehSettings:0    ; no bokeh simulation on slight out of focus]]
[2022.06.21-16.18.33:988][  0]LogConfig: Setting CVar [[r.DOF.TemporalAAQuality:1                ; more stable temporal accumulation]]
[2022.06.21-16.18.33:988][  0]LogConfig: Setting CVar [[r.DOF.Kernel.MaxForegroundRadius:0.025]]
[2022.06.21-16.18.33:988][  0]LogConfig: Setting CVar [[r.DOF.Kernel.MaxBackgroundRadius:0.025]]
[2022.06.21-16.18.33:988][  0]LogConfig: Applying CVar settings from Section [TextureQuality@3] File [D:/Game dev/Projects_Git/MyProject4/Saved/Config/Windows/Scalability.ini]
[2022.06.21-16.18.33:988][  0]LogConfig: Setting CVar [[r.Streaming.MipBias:0]]
[2022.06.21-16.18.33:988][  0]LogConfig: Setting CVar [[r.Streaming.AmortizeCPUToGPUCopy:0]]
[2022.06.21-16.18.33:988][  0]LogConfig: Setting CVar [[r.Streaming.MaxNumTexturesToStreamPerFrame:0]]
[2022.06.21-16.18.33:988][  0]LogConfig: Setting CVar [[r.Streaming.Boost:1]]
[2022.06.21-16.18.33:989][  0]LogConfig: Setting CVar [[r.MaxAnisotropy:8]]
[2022.06.21-16.18.33:989][  0]LogConfig: Setting CVar [[r.VT.MaxAnisotropy:8]]
[2022.06.21-16.18.33:989][  0]LogConfig: Setting CVar [[r.Streaming.LimitPoolSizeToVRAM:0]]
[2022.06.21-16.18.33:989][  0]LogConfig: Setting CVar [[r.Streaming.PoolSize:1000]]
[2022.06.21-16.18.33:989][  0]LogConfig: Setting CVar [[r.Streaming.MaxEffectiveScreenSize:0]]
[2022.06.21-16.18.33:989][  0]LogConfig: Applying CVar settings from Section [EffectsQuality@3] File [D:/Game dev/Projects_Git/MyProject4/Saved/Config/Windows/Scalability.ini]
[2022.06.21-16.18.33:989][  0]LogConfig: Setting CVar [[r.TranslucencyLightingVolumeDim:64]]
[2022.06.21-16.18.33:989][  0]LogConfig: Setting CVar [[r.RefractionQuality:2]]
[2022.06.21-16.18.33:989][  0]LogConfig: Setting CVar [[r.SSR.Quality:3]]
[2022.06.21-16.18.33:989][  0]LogConfig: Setting CVar [[r.SSR.HalfResSceneColor:0]]
[2022.06.21-16.18.33:989][  0]LogConfig: Setting CVar [[r.SceneColorFormat:4]]
[2022.06.21-16.18.33:989][  0]LogConfig: Setting CVar [[r.DetailMode:2]]
[2022.06.21-16.18.33:989][  0]LogConfig: Setting CVar [[r.TranslucencyVolumeBlur:1]]
[2022.06.21-16.18.33:989][  0]LogConfig: Setting CVar [[r.MaterialQualityLevel:1 ; High quality]]
[2022.06.21-16.18.33:989][  0]LogConfig: Setting CVar [[r.AnisotropicMaterials:1]]
[2022.06.21-16.18.33:989][  0]LogConfig: Setting CVar [[r.SSS.Scale:1]]
[2022.06.21-16.18.33:989][  0]LogConfig: Setting CVar [[r.SSS.SampleSet:2]]
[2022.06.21-16.18.33:989][  0]LogConfig: Setting CVar [[r.SSS.Quality:1]]
[2022.06.21-16.18.33:989][  0]LogConfig: Setting CVar [[r.SSS.HalfRes:0]]
[2022.06.21-16.18.33:989][  0]LogConfig: Setting CVar [[r.SSGI.Quality:3]]
[2022.06.21-16.18.33:989][  0]LogConfig: Setting CVar [[r.EmitterSpawnRateScale:1.0]]
[2022.06.21-16.18.33:989][  0]LogConfig: Setting CVar [[r.ParticleLightQuality:2]]
[2022.06.21-16.18.33:989][  0]LogConfig: Setting CVar [[r.SkyAtmosphere.AerialPerspectiveLUT.FastApplyOnOpaque:1 ; Always have FastSkyLUT 1 in this case to avoid wrong sky]]
[2022.06.21-16.18.33:989][  0]LogConfig: Setting CVar [[r.SkyAtmosphere.AerialPerspectiveLUT.SampleCountMaxPerSlice:4]]
[2022.06.21-16.18.33:989][  0]LogConfig: Setting CVar [[r.SkyAtmosphere.AerialPerspectiveLUT.DepthResolution:16.0]]
[2022.06.21-16.18.33:989][  0]LogConfig: Setting CVar [[r.SkyAtmosphere.FastSkyLUT:1]]
[2022.06.21-16.18.33:989][  0]LogConfig: Setting CVar [[r.SkyAtmosphere.FastSkyLUT.SampleCountMin:4.0]]
[2022.06.21-16.18.33:989][  0]LogConfig: Setting CVar [[r.SkyAtmosphere.FastSkyLUT.SampleCountMax:128.0]]
[2022.06.21-16.18.33:989][  0]LogConfig: Setting CVar [[r.SkyAtmosphere.SampleCountMin:4.0]]
[2022.06.21-16.18.33:989][  0]LogConfig: Setting CVar [[r.SkyAtmosphere.SampleCountMax:128.0]]
[2022.06.21-16.18.33:989][  0]LogConfig: Setting CVar [[r.SkyAtmosphere.TransmittanceLUT.UseSmallFormat:0]]
[2022.06.21-16.18.33:989][  0]LogConfig: Setting CVar [[r.SkyAtmosphere.TransmittanceLUT.SampleCount:10.0]]
[2022.06.21-16.18.33:989][  0]LogConfig: Setting CVar [[r.SkyAtmosphere.MultiScatteringLUT.SampleCount:15.0]]
[2022.06.21-16.18.33:989][  0]LogConfig: Setting CVar [[r.SkyLight.RealTimeReflectionCapture:1]]
[2022.06.21-16.18.33:989][  0]LogConfig: Applying CVar settings from Section [FoliageQuality@3] File [D:/Game dev/Projects_Git/MyProject4/Saved/Config/Windows/Scalability.ini]
[2022.06.21-16.18.33:990][  0]LogConfig: Setting CVar [[foliage.DensityScale:1.0]]
[2022.06.21-16.18.33:990][  0]LogConfig: Setting CVar [[grass.DensityScale:1.0]]
[2022.06.21-16.18.33:990][  0]LogConfig: Applying CVar settings from Section [ShadingQuality@3] File [D:/Game dev/Projects_Git/MyProject4/Saved/Config/Windows/Scalability.ini]
[2022.06.21-16.18.33:990][  0]LogConfig: Setting CVar [[r.HairStrands.SkyLighting.IntegrationType:2]]
[2022.06.21-16.18.33:990][  0]LogConfig: Setting CVar [[r.HairStrands.SkyAO.SampleCount:4]]
[2022.06.21-16.18.33:990][  0]LogConfig: Setting CVar [[r.HairStrands.Visibility.MSAA.SamplePerPixel:4]]
[2022.06.21-16.18.33:990][  0]LogInit: Selected Device Profile: [Windows]
[2022.06.21-16.18.33:990][  0]LogInit: Applying CVar settings loaded from the selected device profile: [Windows]
[2022.06.21-16.18.33:990][  0]LogHAL: Display: Platform has ~ 10 GB [10673074176 / 17179869184 / 10], which maps to Default [LargestMinGB=32, LargerMinGB=12, DefaultMinGB=8, SmallerMinGB=6, SmallestMinGB=0)
[2022.06.21-16.18.33:990][  0]LogInit: Going up to parent DeviceProfile []
[2022.06.21-16.18.33:990][  0]LogConfig: Applying CVar settings from Section [ViewDistanceQuality@1] File [D:/Game dev/Projects_Git/MyProject4/Saved/Config/Windows/Scalability.ini]
[2022.06.21-16.18.33:990][  0]LogConfig: Setting CVar [[r.SkeletalMeshLODBias:1]]
[2022.06.21-16.18.33:990][  0]LogConfig: Setting CVar [[r.ViewDistanceScale:0.6]]
[2022.06.21-16.18.33:990][  0]LogConfig: Applying CVar settings from Section [AntiAliasingQuality@1] File [D:/Game dev/Projects_Git/MyProject4/Saved/Config/Windows/Scalability.ini]
[2022.06.21-16.18.33:990][  0]LogConfig: Setting CVar [[r.PostProcessAAQuality:2]]
[2022.06.21-16.18.33:990][  0]LogConfig: Applying CVar settings from Section [ShadowQuality@1] File [D:/Game dev/Projects_Git/MyProject4/Saved/Config/Windows/Scalability.ini]
[2022.06.21-16.18.33:990][  0]LogConfig: Setting CVar [[r.LightFunctionQuality:1]]
[2022.06.21-16.18.33:990][  0]LogConfig: Setting CVar [[r.ShadowQuality:3]]
[2022.06.21-16.18.33:990][  0]LogConfig: Setting CVar [[r.Shadow.CSM.MaxCascades:1]]
[2022.06.21-16.18.33:990][  0]LogConfig: Setting CVar [[r.Shadow.MaxResolution:1024]]
[2022.06.21-16.18.33:991][  0]LogConfig: Setting CVar [[r.Shadow.MaxCSMResolution:1024]]
[2022.06.21-16.18.33:991][  0]LogConfig: Setting CVar [[r.Shadow.RadiusThreshold:0.05]]
[2022.06.21-16.18.33:991][  0]LogConfig: Setting CVar [[r.Shadow.DistanceScale:0.7]]
[2022.06.21-16.18.33:991][  0]LogConfig: Setting CVar [[r.Shadow.CSM.TransitionScale:0.25]]
[2022.06.21-16.18.33:991][  0]LogConfig: Setting CVar [[r.Shadow.PreShadowResolutionFactor:0.5]]
[2022.06.21-16.18.33:991][  0]LogConfig: Setting CVar [[r.DistanceFieldShadowing:0]]
[2022.06.21-16.18.33:991][  0]LogConfig: Setting CVar [[r.DistanceFieldAO:0]]
[2022.06.21-16.18.33:991][  0]LogConfig: Setting CVar [[r.VolumetricFog:0]]
[2022.06.21-16.18.33:991][  0]LogConfig: Setting CVar [[r.LightMaxDrawDistanceScale:.5]]
[2022.06.21-16.18.33:991][  0]LogConfig: Setting CVar [[r.CapsuleShadows:1]]
[2022.06.21-16.18.33:991][  0]LogConfig: Applying CVar settings from Section [PostProcessQuality@1] File [D:/Game dev/Projects_Git/MyProject4/Saved/Config/Windows/Scalability.ini]
[2022.06.21-16.18.33:991][  0]LogConfig: Setting CVar [[r.MotionBlurQuality:3]]
[2022.06.21-16.18.33:991][  0]LogConfig: Setting CVar [[r.AmbientOcclusionMipLevelFactor:1.0]]
[2022.06.21-16.18.33:991][  0]LogConfig: Setting CVar [[r.AmbientOcclusionMaxQuality:60]]
[2022.06.21-16.18.33:991][  0]LogConfig: Setting CVar [[r.AmbientOcclusionLevels:-1]]
[2022.06.21-16.18.33:991][  0]LogConfig: Setting CVar [[r.AmbientOcclusionRadiusScale:1.5]]
[2022.06.21-16.18.33:991][  0]LogConfig: Setting CVar [[r.DepthOfFieldQuality:1]]
[2022.06.21-16.18.33:991][  0]LogConfig: Setting CVar [[r.RenderTargetPoolMin:350]]
[2022.06.21-16.18.33:991][  0]LogConfig: Setting CVar [[r.LensFlareQuality:0]]
[2022.06.21-16.18.33:991][  0]LogConfig: Setting CVar [[r.SceneColorFringeQuality:0]]
[2022.06.21-16.18.33:991][  0]LogConfig: Setting CVar [[r.EyeAdaptationQuality:2]]
[2022.06.21-16.18.33:991][  0]LogConfig: Setting CVar [[r.BloomQuality:4]]
[2022.06.21-16.18.33:991][  0]LogConfig: Setting CVar [[r.FastBlurThreshold:2]]
[2022.06.21-16.18.33:991][  0]LogConfig: Setting CVar [[r.Upscale.Quality:2]]
[2022.06.21-16.18.33:991][  0]LogConfig: Setting CVar [[r.Tonemapper.GrainQuantization:0]]
[2022.06.21-16.18.33:991][  0]LogConfig: Setting CVar [[r.LightShaftQuality:0]]
[2022.06.21-16.18.33:991][  0]LogConfig: Setting CVar [[r.Filter.SizeScale:0.7]]
[2022.06.21-16.18.33:991][  0]LogConfig: Setting CVar [[r.Tonemapper.Quality:2]]
[2022.06.21-16.18.33:992][  0]LogConfig: Setting CVar [[r.DOF.Gather.AccumulatorQuality:0        ; lower gathering accumulator quality]]
[2022.06.21-16.18.33:992][  0]LogConfig: Setting CVar [[r.DOF.Gather.PostfilterMethod:2          ; Max3x3 postfilering method]]
[2022.06.21-16.18.33:992][  0]LogConfig: Setting CVar [[r.DOF.Gather.EnableBokehSettings:0       ; no bokeh simulation when gathering]]
[2022.06.21-16.18.33:992][  0]LogConfig: Setting CVar [[r.DOF.Gather.RingCount:3                 ; low number of samples when gathering]]
[2022.06.21-16.18.33:992][  0]LogConfig: Setting CVar [[r.DOF.Scatter.ForegroundCompositing:0    ; no foreground scattering]]
[2022.06.21-16.18.33:992][  0]LogConfig: Setting CVar [[r.DOF.Scatter.BackgroundCompositing:0    ; no foreground scattering]]
[2022.06.21-16.18.33:992][  0]LogConfig: Setting CVar [[r.DOF.Recombine.Quality:0                ; no slight out of focus]]
[2022.06.21-16.18.33:992][  0]LogConfig: Setting CVar [[r.DOF.TemporalAAQuality:0                ; faster temporal accumulation]]
[2022.06.21-16.18.33:992][  0]LogConfig: Setting CVar [[r.DOF.Kernel.MaxForegroundRadius:0.006   ; required because low gathering and no scattering and not looking great at 1080p]]
[2022.06.21-16.18.33:992][  0]LogConfig: Setting CVar [[r.DOF.Kernel.MaxBackgroundRadius:0.006   ; required because low gathering and no scattering and not looking great at 1080p]]
[2022.06.21-16.18.33:992][  0]LogConfig: Applying CVar settings from Section [TextureQuality@1] File [D:/Game dev/Projects_Git/MyProject4/Saved/Config/Windows/Scalability.ini]
[2022.06.21-16.18.33:992][  0]LogConfig: Setting CVar [[r.Streaming.MipBias:1]]
[2022.06.21-16.18.33:992][  0]LogConfig: Setting CVar [[r.Streaming.AmortizeCPUToGPUCopy:0]]
[2022.06.21-16.18.33:992][  0]LogConfig: Setting CVar [[r.Streaming.MaxNumTexturesToStreamPerFrame:0]]
[2022.06.21-16.18.33:992][  0]LogConfig: Setting CVar [[r.Streaming.Boost:1]]
[2022.06.21-16.18.33:992][  0]LogConfig: Setting CVar [[r.MaxAnisotropy:2]]
[2022.06.21-16.18.33:992][  0]LogConfig: Setting CVar [[r.VT.MaxAnisotropy:4]]
[2022.06.21-16.18.33:992][  0]LogConfig: Setting CVar [[r.Streaming.LimitPoolSizeToVRAM:1]]
[2022.06.21-16.18.33:992][  0]LogConfig: Setting CVar [[r.Streaming.PoolSize:600]]
[2022.06.21-16.18.33:992][  0]LogConfig: Setting CVar [[r.Streaming.MaxEffectiveScreenSize:0]]
[2022.06.21-16.18.33:992][  0]LogConfig: Applying CVar settings from Section [EffectsQuality@1] File [D:/Game dev/Projects_Git/MyProject4/Saved/Config/Windows/Scalability.ini]
[2022.06.21-16.18.33:992][  0]LogConfig: Setting CVar [[r.TranslucencyLightingVolumeDim:32]]
[2022.06.21-16.18.33:992][  0]LogConfig: Setting CVar [[r.RefractionQuality:0]]
[2022.06.21-16.18.33:992][  0]LogConfig: Setting CVar [[r.SSR.Quality:0]]
[2022.06.21-16.18.33:992][  0]LogConfig: Setting CVar [[r.SSR.HalfResSceneColor:1]]
[2022.06.21-16.18.33:992][  0]LogConfig: Setting CVar [[r.SceneColorFormat:3]]
[2022.06.21-16.18.33:992][  0]LogConfig: Setting CVar [[r.DetailMode:1]]
[2022.06.21-16.18.33:992][  0]LogConfig: Setting CVar [[r.TranslucencyVolumeBlur:0]]
[2022.06.21-16.18.33:992][  0]LogConfig: Setting CVar [[r.MaterialQualityLevel:2 ; Medium quality]]
[2022.06.21-16.18.33:992][  0]LogConfig: Setting CVar [[r.AnisotropicMaterials:0]]
[2022.06.21-16.18.33:992][  0]LogConfig: Setting CVar [[r.SSS.Scale:0.75]]
[2022.06.21-16.18.33:992][  0]LogConfig: Setting CVar [[r.SSS.SampleSet:0]]
[2022.06.21-16.18.33:992][  0]LogConfig: Setting CVar [[r.SSS.Quality:0]]
[2022.06.21-16.18.33:992][  0]LogConfig: Setting CVar [[r.SSS.HalfRes:1]]
[2022.06.21-16.18.33:992][  0]LogConfig: Setting CVar [[r.SSGI.Quality:1]]
[2022.06.21-16.18.33:992][  0]LogConfig: Setting CVar [[r.EmitterSpawnRateScale:0.25]]
[2022.06.21-16.18.33:992][  0]LogConfig: Setting CVar [[r.ParticleLightQuality:0]]
[2022.06.21-16.18.33:992][  0]LogConfig: Setting CVar [[r.SkyAtmosphere.AerialPerspectiveLUT.FastApplyOnOpaque:1 ; Always have FastSkyLUT 1 in this case to avoid wrong sky]]
[2022.06.21-16.18.33:992][  0]LogConfig: Setting CVar [[r.SkyAtmosphere.AerialPerspectiveLUT.SampleCountMaxPerSlice:1]]
[2022.06.21-16.18.33:992][  0]LogConfig: Setting CVar [[r.SkyAtmosphere.AerialPerspectiveLUT.DepthResolution:16.0]]
[2022.06.21-16.18.33:992][  0]LogConfig: Setting CVar [[r.SkyAtmosphere.FastSkyLUT:1]]
[2022.06.21-16.18.33:992][  0]LogConfig: Setting CVar [[r.SkyAtmosphere.FastSkyLUT.SampleCountMin:4.0]]
[2022.06.21-16.18.33:992][  0]LogConfig: Setting CVar [[r.SkyAtmosphere.FastSkyLUT.SampleCountMax:32.0]]
[2022.06.21-16.18.33:992][  0]LogConfig: Setting CVar [[r.SkyAtmosphere.SampleCountMin:4.0]]
[2022.06.21-16.18.33:992][  0]LogConfig: Setting CVar [[r.SkyAtmosphere.SampleCountMax:32.0]]
[2022.06.21-16.18.33:992][  0]LogConfig: Setting CVar [[r.SkyAtmosphere.TransmittanceLUT.UseSmallFormat:0]]
[2022.06.21-16.18.33:993][  0]LogConfig: Setting CVar [[r.SkyAtmosphere.TransmittanceLUT.SampleCount:10.0]]
[2022.06.21-16.18.33:993][  0]LogConfig: Setting CVar [[r.SkyAtmosphere.MultiScatteringLUT.SampleCount:15.0]]
[2022.06.21-16.18.33:993][  0]LogConfig: Setting CVar [[r.SkyLight.RealTimeReflectionCapture:0]]
[2022.06.21-16.18.33:993][  0]LogConfig: Applying CVar settings from Section [FoliageQuality@1] File [D:/Game dev/Projects_Git/MyProject4/Saved/Config/Windows/Scalability.ini]
[2022.06.21-16.18.33:993][  0]LogConfig: Setting CVar [[foliage.DensityScale:0.4]]
[2022.06.21-16.18.33:993][  0]LogConfig: Setting CVar [[grass.DensityScale:0.4]]
[2022.06.21-16.18.33:993][  0]LogConfig: Applying CVar settings from Section [ShadingQuality@1] File [D:/Game dev/Projects_Git/MyProject4/Saved/Config/Windows/Scalability.ini]
[2022.06.21-16.18.33:993][  0]LogConfig: Setting CVar [[r.HairStrands.SkyLighting.IntegrationType:2]]
[2022.06.21-16.18.33:993][  0]LogConfig: Setting CVar [[r.HairStrands.SkyAO.SampleCount:4]]
[2022.06.21-16.18.33:993][  0]LogConfig: Setting CVar [[r.HairStrands.Visibility.MSAA.SamplePerPixel:1]]
[2022.06.21-16.18.33:993][  0]LogConfig: Applying CVar settings from Section [Startup] File [../../../Engine/Config/ConsoleVariables.ini]
[2022.06.21-16.18.33:993][  0]LogConfig: Setting CVar [[net.UseAdaptiveNetUpdateFrequency:0]]
[2022.06.21-16.18.33:993][  0]LogConfig: Setting CVar [[p.chaos.AllowCreatePhysxBodies:1]]
[2022.06.21-16.18.33:993][  0]LogConfig: Setting CVar [[fx.SkipVectorVMBackendOptimizations:1]]
[2022.06.21-16.18.33:993][  0]LogConfig: Applying CVar settings from Section [ConsoleVariables] File [D:/Game dev/Projects_Git/MyProject4/Saved/Config/Windows/Engine.ini]
[2022.06.21-16.18.33:993][  0]LogConfig: Applying CVar settings from Section [ConsoleVariables] File [D:/Game dev/Projects_Git/MyProject4/Saved/Config/Windows/Editor.ini]
[2022.06.21-16.18.33:994][  0]LogInit: Computer: DESKTOP-NMBG3BN
[2022.06.21-16.18.33:994][  0]LogInit: User: shiry
[2022.06.21-16.18.33:994][  0]LogInit: CPU Page size=4096, Cores=4
[2022.06.21-16.18.33:994][  0]LogInit: High frequency timer resolution =10.000000 MHz
[2022.06.21-16.18.33:994][  0]LogMemory: Memory total: Physical=9.9GB (10GB approx)
[2022.06.21-16.18.33:994][  0]LogMemory: Platform Memory Stats for Windows
[2022.06.21-16.18.33:994][  0]LogMemory: Process Physical Memory: 142.84 MB used, 142.84 MB peak
[2022.06.21-16.18.33:994][  0]LogMemory: Process Virtual Memory: 136.42 MB used, 136.42 MB peak
[2022.06.21-16.18.33:994][  0]LogMemory: Physical Memory: 5784.08 MB used,  4394.56 MB free, 10178.64 MB total
[2022.06.21-16.18.33:994][  0]LogMemory: Virtual Memory: 134212360.00 MB used,  5363.94 MB free, 134217728.00 MB total
[2022.06.21-16.18.34:005][  0]LogWindows: WindowsPlatformFeatures enabled
[2022.06.21-16.18.34:056][  0]LogInit: Physics initialised using underlying interface: PhysX
[2022.06.21-16.18.34:058][  0]LogInit: Using OS detected language (ru-RU).
[2022.06.21-16.18.34:058][  0]LogInit: Using OS detected locale (ru-RU).
[2022.06.21-16.18.34:063][  0]LogTextLocalizationManager: No specific localization for 'ru-RU' exists, so the 'ru' localization will be used.
[2022.06.21-16.18.34:063][  0]LogTextLocalizationResource: LocRes '../../../Engine/Content/Localization/Editor/ru/Editor.locres' could not be opened for reading!
[2022.06.21-16.18.34:063][  0]LogTextLocalizationResource: LocRes '../../../Engine/Content/Localization/EditorTutorials/ru/EditorTutorials.locres' could not be opened for reading!
[2022.06.21-16.18.34:064][  0]LogTextLocalizationResource: LocRes '../../../Engine/Content/Localization/Keywords/ru/Keywords.locres' could not be opened for reading!
[2022.06.21-16.18.34:064][  0]LogTextLocalizationResource: LocRes '../../../Engine/Content/Localization/Category/ru/Category.locres' could not be opened for reading!
[2022.06.21-16.18.34:064][  0]LogTextLocalizationResource: LocRes '../../../Engine/Content/Localization/ToolTips/ru/ToolTips.locres' could not be opened for reading!
[2022.06.21-16.18.34:064][  0]LogTextLocalizationResource: LocRes '../../../Engine/Content/Localization/PropertyNames/ru/PropertyNames.locres' could not be opened for reading!
[2022.06.21-16.18.34:064][  0]LogTextLocalizationResource: LocRes '../../../Engine/Content/Localization/Engine/ru/Engine.locres' could not be opened for reading!
[2022.06.21-16.18.34:066][  0]LogInit: Setting process to per monitor DPI aware
[2022.06.21-16.18.34:077][  0]LogWindowsTextInputMethodSystem: Display: IME system deactivated.
[2022.06.21-16.18.34:102][  0]LogSlate: New Slate User Created.  User Index 0, Is Virtual User: 0
[2022.06.21-16.18.34:102][  0]LogSlate: Slate User Registered.  User Index 0, Is Virtual User: 0
[2022.06.21-16.18.34:514][  0]LogD3D11RHI: Loaded GFSDK_Aftermath_Lib.x64.dll
[2022.06.21-16.18.34:523][  0]LogHMD: Failed to initialize OpenVR with code 110
[2022.06.21-16.18.34:523][  0]LogD3D11RHI: D3D11 min allowed feature level: 11_0
[2022.06.21-16.18.34:524][  0]LogD3D11RHI: D3D11 max allowed feature level: 11_0
[2022.06.21-16.18.34:524][  0]LogD3D11RHI: D3D11 adapters:
[2022.06.21-16.18.34:793][  0]LogD3D11RHI:    0. 'Radeon RX 560X Series' (Feature Level 11_0)
[2022.06.21-16.18.34:793][  0]LogD3D11RHI:       4077/0/5089 MB DedicatedVideo/DedicatedSystem/SharedSystem, Outputs:1, VendorId:0x1002
[2022.06.21-16.18.34:832][  0]LogD3D11RHI:    1. 'AMD Radeon(TM) Vega 8 Graphics' (Feature Level 11_0)
[2022.06.21-16.18.34:832][  0]LogD3D11RHI:       2034/0/5089 MB DedicatedVideo/DedicatedSystem/SharedSystem, Outputs:0, VendorId:0x1002
[2022.06.21-16.18.34:835][  0]LogD3D11RHI:    2. 'Microsoft Basic Render Driver' (Feature Level 11_0)
[2022.06.21-16.18.34:835][  0]LogD3D11RHI:       0/0/5089 MB DedicatedVideo/DedicatedSystem/SharedSystem, Outputs:0, VendorId:0x1414
[2022.06.21-16.18.34:835][  0]LogD3D11RHI: Chosen D3D11 Adapter:
[2022.06.21-16.18.34:835][  0]LogD3D11RHI:     Description : Radeon RX 560X Series
[2022.06.21-16.18.34:835][  0]LogD3D11RHI:     VendorId    : 1002
[2022.06.21-16.18.34:835][  0]LogD3D11RHI:     DeviceId    : 67ef
[2022.06.21-16.18.34:835][  0]LogD3D11RHI:     SubSysId    : 13671025
[2022.06.21-16.18.34:835][  0]LogD3D11RHI:     Revision    : 00c0
[2022.06.21-16.18.34:835][  0]LogD3D11RHI:     DedicatedVideoMemory : 4275343360 bytes
[2022.06.21-16.18.34:835][  0]LogD3D11RHI:     DedicatedSystemMemory : 0 bytes
[2022.06.21-16.18.34:835][  0]LogD3D11RHI:     SharedSystemMemory : 5336537088 bytes
[2022.06.21-16.18.34:835][  0]LogD3D11RHI:     AdapterLuid : 0 56746
[2022.06.21-16.18.34:845][  0]LogD3D11RHI: Creating new Direct3DDevice
[2022.06.21-16.18.34:845][  0]LogD3D11RHI:     GPU DeviceId: 0x67ef (for the marketing name, search the web for "GPU Device Id")
[2022.06.21-16.18.34:845][  0]LogWindows: EnumDisplayDevices:
[2022.06.21-16.18.34:845][  0]LogWindows:    0. 'AMD Radeon(TM) Vega 8 Graphics ' (P:1 D:1)
[2022.06.21-16.18.34:845][  0]LogWindows:    1. 'AMD Radeon(TM) Vega 8 Graphics ' (P:0 D:0)
[2022.06.21-16.18.34:846][  0]LogWindows:    2. 'AMD Radeon(TM) Vega 8 Graphics ' (P:0 D:0)
[2022.06.21-16.18.34:846][  0]LogWindows:    3. 'AMD Radeon(TM) Vega 8 Graphics ' (P:0 D:0)
[2022.06.21-16.18.34:846][  0]LogWindows:    4. 'Radeon RX 560X Series' (P:0 D:0)
[2022.06.21-16.18.34:847][  0]LogWindows:    5. 'Radeon RX 560X Series' (P:0 D:0)
[2022.06.21-16.18.34:847][  0]LogWindows:    6. 'Radeon RX 560X Series' (P:0 D:0)
[2022.06.21-16.18.34:847][  0]LogWindows: DebugString: PrimaryIsNotTheChoosenAdapter PrimaryIsNotTheChoosenAdapter PrimaryIsNotTheChoosenAdapter PrimaryIsNotTheChoosenAdapter FoundDriverCount:3 
[2022.06.21-16.18.34:847][  0]LogD3D11RHI:     Adapter Name: Radeon RX 560X Series
[2022.06.21-16.18.34:847][  0]LogD3D11RHI:   Driver Version: Adrenalin 20.10.28 (internal:27.20.1028.1, unified:27.20.1028.1)
[2022.06.21-16.18.34:847][  0]LogD3D11RHI:      Driver Date: 7-14-2020
[2022.06.21-16.18.34:848][  0]LogRHI: Texture pool is 2425 MB (70% of 3465 MB)
[2022.06.21-16.18.34:881][  0]LogD3D11RHI: Creating D3DDevice with AMD AGS, using adapter:
[2022.06.21-16.18.34:881][  0]LogD3D11RHI:     Description : Radeon RX 560X Series
[2022.06.21-16.18.34:881][  0]LogD3D11RHI:     VendorId    : 1002
[2022.06.21-16.18.34:881][  0]LogD3D11RHI:     DeviceId    : 67ef
[2022.06.21-16.18.34:881][  0]LogD3D11RHI:     SubSysId    : 13671025
[2022.06.21-16.18.34:881][  0]LogD3D11RHI:     Revision    : 00c0
[2022.06.21-16.18.34:881][  0]LogD3D11RHI:     DedicatedVideoMemory : 4275343360 bytes
[2022.06.21-16.18.34:881][  0]LogD3D11RHI:     DedicatedSystemMemory : 0 bytes
[2022.06.21-16.18.34:881][  0]LogD3D11RHI:     SharedSystemMemory : 5336537088 bytes
[2022.06.21-16.18.34:881][  0]LogD3D11RHI:     AdapterLuid : 0 56746
[2022.06.21-16.18.34:933][  0]LogD3D11RHI: Created device via AGS, feature level 11_0, supported extensions 1fffffbf.
[2022.06.21-16.18.34:933][  0]LogD3D11RHI: RHI has support for 64 bit atomics
[2022.06.21-16.18.34:933][  0]LogD3D11RHI: Async texture creation enabled
[2022.06.21-16.18.34:933][  0]LogD3D11RHI: Array index from any shader is supported
[2022.06.21-16.18.34:950][  0]LogD3D11RHI: GPU Timing Frequency: 25.000000 (Debug: 2 1)
[2022.06.21-16.18.35:603][  0]LogTargetPlatformManager: Display: Loaded TargetPlatform 'AllDesktop'
[2022.06.21-16.18.35:643][  0]LogTargetPlatformManager: Display: Loaded TargetPlatform 'Android'
[2022.06.21-16.18.35:643][  0]LogTargetPlatformManager: Display: Loaded TargetPlatform 'Android_ASTC'
[2022.06.21-16.18.35:643][  0]LogTargetPlatformManager: Display: Loaded TargetPlatform 'Android_DXT'
[2022.06.21-16.18.35:643][  0]LogTargetPlatformManager: Display: Loaded TargetPlatform 'Android_ETC2'
[2022.06.21-16.18.35:643][  0]LogTargetPlatformManager: Display: Loaded TargetPlatform 'AndroidClient'
[2022.06.21-16.18.35:643][  0]LogTargetPlatformManager: Display: Loaded TargetPlatform 'Android_ASTCClient'
[2022.06.21-16.18.35:643][  0]LogTargetPlatformManager: Display: Loaded TargetPlatform 'Android_DXTClient'
[2022.06.21-16.18.35:643][  0]LogTargetPlatformManager: Display: Loaded TargetPlatform 'Android_ETC2Client'
[2022.06.21-16.18.35:643][  0]LogTargetPlatformManager: Display: Loaded TargetPlatform 'Android_Multi'
[2022.06.21-16.18.35:643][  0]LogTargetPlatformManager: Display: Loaded TargetPlatform 'Android_MultiClient'
[2022.06.21-16.18.35:679][  0]LogTargetPlatformManager: Display: Loaded TargetPlatform 'IOSClient'
[2022.06.21-16.18.35:679][  0]LogTargetPlatformManager: Display: Loaded TargetPlatform 'IOS'
[2022.06.21-16.18.35:697][  0]LogTargetPlatformManager: Display: Loaded TargetPlatform 'Linux'
[2022.06.21-16.18.35:707][  0]LogTargetPlatformManager: Display: Loaded TargetPlatform 'LinuxNoEditor'
[2022.06.21-16.18.35:717][  0]LogTargetPlatformManager: Display: Loaded TargetPlatform 'LinuxClient'
[2022.06.21-16.18.35:727][  0]LogTargetPlatformManager: Display: Loaded TargetPlatform 'LinuxServer'
[2022.06.21-16.18.35:745][  0]LogTargetPlatformManager: Display: Loaded TargetPlatform 'LinuxAArch64NoEditor'
[2022.06.21-16.18.35:754][  0]LogTargetPlatformManager: Display: Loaded TargetPlatform 'LinuxAArch64Client'
[2022.06.21-16.18.35:763][  0]LogTargetPlatformManager: Display: Loaded TargetPlatform 'LinuxAArch64Server'
[2022.06.21-16.18.35:807][  0]LogTargetPlatformManager: Display: Loaded TargetPlatform 'Lumin'
[2022.06.21-16.18.35:807][  0]LogTargetPlatformManager: Display: Loaded TargetPlatform 'LuminClient'
[2022.06.21-16.18.35:823][  0]LogTargetPlatformManager: Display: Loaded TargetPlatform 'MacNoEditor'
[2022.06.21-16.18.35:830][  0]LogTargetPlatformManager: Display: Loaded TargetPlatform 'Mac'
[2022.06.21-16.18.35:837][  0]LogTargetPlatformManager: Display: Loaded TargetPlatform 'MacClient'
[2022.06.21-16.18.35:844][  0]LogTargetPlatformManager: Display: Loaded TargetPlatform 'MacServer'
[2022.06.21-16.18.35:858][  0]LogTargetPlatformManager: Display: Loaded TargetPlatform 'TVOSClient'
[2022.06.21-16.18.35:858][  0]LogTargetPlatformManager: Display: Loaded TargetPlatform 'TVOS'
[2022.06.21-16.18.35:873][  0]LogTargetPlatformManager: Display: Loaded TargetPlatform 'WindowsNoEditor'
[2022.06.21-16.18.35:881][  0]LogTargetPlatformManager: Display: Loaded TargetPlatform 'Windows'
[2022.06.21-16.18.35:889][  0]LogTargetPlatformManager: Display: Loaded TargetPlatform 'WindowsClient'
[2022.06.21-16.18.35:898][  0]LogTargetPlatformManager: Display: Loaded TargetPlatform 'WindowsServer'
[2022.06.21-16.18.35:898][  0]LogTargetPlatformManager: Display: Building Assets For Windows
[2022.06.21-16.18.35:921][  0]LogAudioDebug: Display: Lib vorbis DLL was dynamically loaded.
[2022.06.21-16.18.35:975][  0]LogTextureFormatOodle: Display: Oodle Texture 2.9.0 init RDO Off
[2022.06.21-16.18.36:033][  0]LogRendererCore: Ray tracing is disabled. Reason: r.RayTracing=0.
[2022.06.21-16.18.36:033][  0]LogShaderCompilers: Guid format shader working directory is 10 characters bigger than the processId version (../../../../Projects_Git/MyProject4/Intermediate/Shaders/WorkingDirectory/17976/).
[2022.06.21-16.18.36:033][  0]LogShaderCompilers: Cleaned the shader compiler working directory 'C:/Users/shiry/AppData/Local/Temp/UnrealShaderWorkingDir/773AC6094B1436CDE5B5A28F63D8B6BD/'.
[2022.06.21-16.18.36:034][  0]LogXGEController: Cannot use XGE Controller as Incredibuild is not installed on this machine.
[2022.06.21-16.18.36:034][  0]LogShaderCompilers: Cannot use XGE Shader Compiler as Incredibuild is not installed on this machine.
[2022.06.21-16.18.36:034][  0]LogShaderCompilers: Display: Using Local Shader Compiler.
[2022.06.21-16.18.37:142][  0]LogDerivedDataCache: Display: Max Cache Size: 512 MB
[2022.06.21-16.18.37:220][  0]LogDerivedDataCache: Loaded boot cache 0.08s 94MB C:/Users/shiry/AppData/Local/UnrealEngine/4.27/DerivedDataCache/Boot.ddc.
[2022.06.21-16.18.37:220][  0]LogDerivedDataCache: Display: Loaded Boot cache: C:/Users/shiry/AppData/Local/UnrealEngine/4.27/DerivedDataCache/Boot.ddc
[2022.06.21-16.18.37:221][  0]LogDerivedDataCache: FDerivedDataBackendGraph:  Pak pak cache file ../../../../Projects_Git/MyProject4/DerivedDataCache/DDC.ddp not found, will not use a pak cache.
[2022.06.21-16.18.37:221][  0]LogDerivedDataCache: Unable to find inner node Pak for hierarchical cache Hierarchy.
[2022.06.21-16.18.37:221][  0]LogDerivedDataCache: FDerivedDataBackendGraph:  CompressedPak pak cache file ../../../../Projects_Git/MyProject4/DerivedDataCache/Compressed.ddp not found, will not use a pak cache.
[2022.06.21-16.18.37:221][  0]LogDerivedDataCache: Unable to find inner node CompressedPak for hierarchical cache Hierarchy.
[2022.06.21-16.18.37:249][  0]LogDerivedDataCache: Display: Pak cache opened for reading ../../../Engine/DerivedDataCache/Compressed.ddp.
[2022.06.21-16.18.37:249][  0]LogDerivedDataCache: FDerivedDataBackendGraph:  EnterprisePak pak cache file ../../../Enterprise/DerivedDataCache/Compressed.ddp not found, will not use a pak cache.
[2022.06.21-16.18.37:249][  0]LogDerivedDataCache: Unable to find inner node EnterprisePak for hierarchical cache Hierarchy.
[2022.06.21-16.18.37:267][  0]LogDerivedDataCache: Speed tests for C:/Users/shiry/AppData/Local/UnrealEngine/Common/DerivedDataCache took 0.02 seconds
[2022.06.21-16.18.37:268][  0]LogDerivedDataCache: Display: Performance to C:/Users/shiry/AppData/Local/UnrealEngine/Common/DerivedDataCache: Latency=0.05ms. RandomReadSpeed=654.57MBs, RandomWriteSpeed=56.43MBs. Assigned SpeedClass 'Local'
[2022.06.21-16.18.37:276][  0]LogDerivedDataCache: Using Local data cache path C:/Users/shiry/AppData/Local/UnrealEngine/Common/DerivedDataCache: Writable
[2022.06.21-16.18.37:276][  0]LogDerivedDataCache: Shared data cache path not found in *engine.ini, will not use an Shared cache.
[2022.06.21-16.18.37:276][  0]LogDerivedDataCache: Unable to find inner node Shared for hierarchical cache Hierarchy.
[2022.06.21-16.18.37:338][  0]LogSlate: Using FreeType 2.10.0
[2022.06.21-16.18.37:339][  0]LogSlate: SlateFontServices - WITH_FREETYPE: 1, WITH_HARFBUZZ: 1
[2022.06.21-16.18.37:372][  0]LogAssetRegistry: FAssetRegistry took 0.0039 seconds to start up
[2022.06.21-16.18.37:849][  0]LogInit: Selected Device Profile: [Windows]
[2022.06.21-16.18.37:849][  0]LogInit: Active device profile: [0000019DDA890E00][0000019DDB097B00 49] Windows
[2022.06.21-16.18.37:850][  0]LogInit: Profiles: [0000019DDA890E00][0000019DDB097B00 49] Windows, [0000019DDA822000][0000019DDB196100 49] WindowsNoEditor, [0000019DDA891D00][0000019DDB19A280 49] WindowsServer, [0000019DDA822E00][0000019DDB19E400 49] WindowsClient, [0000019DDA892A00][0000019DDB09A540 49] IOS, [0000019DDA823400][0000019DDB1A2680 49] iPadAir, [0000019DDA891500][0000019DDB1A67C0 49] iPadAir2, [0000019DDA6ED300][0000019DDB1B2A40 49] IPadPro, [0000019DDA6ED400][0000019DDB1AAA80 49] iPadAir3, [0000019DDA820C00][0000019DDB1B6C00 49] iPadAir4, [0000019DDA6EE000][0000019DDB1BAD80 49] iPadMini2, [0000019DDA822C00][0000019DDB1BEF00 49] iPadMini3, [0000019DDA6EEA00][0000019DDB1C3080 49] iPadMini4, [0000019DDA820F00][0000019DDB1C7200 49] iPadMini5, [0000019DDA718B00][0000019DDB1CF4C0 49] iPhone6, [0000019DDA718C00][0000019DDB1CB500 49] iPodTouch6, [0000019DDA892900][0000019DDB28D7C0 49] iPhone7, [0000019DDA890F00][0000019DDB1EB800 49] iPodTouch7, [0000019DDA6ED200][0000019DDB291980 49] iPhone5S, [0000019DDA892C00][0000019DDB295B00 49] iPhone6Plus, [0000019DDA6EFD00][0000019DDB298100 49] iPhone6S, [0000019DDA6EC100][0000019DDB29C280 49] iPhone6SPlus, [0000019DDA71BF00][0000019DDB2A0400 49] iPhone7Plus, [0000019DDA6EE200][0000019DDB2A4580 49] iPhoneSE, [0000019DDA71A800][0000019DDB2A8700 49] iPhone8, [0000019DDA6EE500][0000019DDB1AE840 49] iPhone8Plus, [0000019DDA71B900][0000019DDB2AC980 49] iPhoneX, [0000019DDA6EE400][0000019DDB2B0AC0 49] iPhoneXS, [0000019DDA718E00][0000019DDB2B8C40 49] iPhoneXSMax, [0000019DDA891800][0000019DDB2BCDC0 49] iPhoneXR, [0000019DDA719600][0000019DDB2C0F40 49] iPhone11, [0000019DDA891A00][0000019DDB2C50C0 49] iPhone11Pro, [0000019DDA719800][0000019DDB2C9240 49] iPhone11ProMax, [0000019DDA891100][0000019DDB2CD3C0 49] iPhoneSE2, [0000019DDA71BA00][0000019DDB2D1540 49] iPhone12Mini, [0000019DDA890B00][0000019DDB2D56C0 49] iPhone12, [0000019DDA719C00][0000019DDB2D9840 49] iPhone12Pro, [0000019DDA891000][0000019DDB2DD9C0 49] iPhone12ProMax, [0000019DDA71B600][0000019DDB391B40 49] iPadPro105, [0000019DDA893800][0000019DD20CE140 49] iPadPro129, [0000019DDA718300][0000019DD20D22C0 49] iPadPro97, [0000019DDA891400][0000019DD20D6440 49] iPadPro2_129, [0000019DDA719300][0000019DD8BE45C0 49] iPad5, [0000019DDA893A00][0000019DD8BE8740 49] iPad6, [0000019DDA71BC00][0000019DD8BEC8C0 49] iPad7, [0000019DDA893200][0000019DDB2B4A00 49] iPad8, [0000019DDA71B200][0000019DD8BF0B40 49] iPadPro11, [0000019DDA892F00][0000019DD8BF4C80 49] iPadPro2_11, [0000019DDA71A200][0000019DD8BF8DC0 49] iPadPro3_129, [0000019DDA890700][0000019DD20DEF40 49] iPadPro4_129, [0000019DDA719000][0000019DD20E30C0 49] AppleTV, [0000019DDA893100][0000019DD20E7240 49] AppleTV4K, [0000019DDA71A100][0000019DD20EB3C0 49] TVOS, [0000019DDA892100][0000019DD20EF540 49] Mac, [0000019DDA71B500][0000019DD20F36C0 49] MacClient, [0000019DDA893B00][0000019DDAD17840 49] MacNoEditor, [0000019DDA718D00][0000019DDAD1B9C0 49] MacServer, [0000019DDA892E00][0000019DDAD1FB40 49] Linux, [0000019DDA719F00][0000019DDAD2A140 49] LinuxAArch64, [0000019DDA890A00][0000019DDAD2E2C0 49] LinuxNoEditor, [0000019DDA71B000][0000019DDAD32440 49] LinuxAArch64NoEditor, [0000019DDA893300][0000019DDAD365C0 49] LinuxClient, [0000019DDA71A700][0000019DDB488740 49] LinuxAArch64Client, [0000019DDA891B00][0000019DDB4948C0 49] LinuxServer, [0000019DDA718400][0000019DDB498A40 49] LinuxAArch64Server, [0000019DDA891C00][0000019DD20DAB80 49] Android, [0000019DDA719400][0000019DDB49CCC0 49] Android_Low, [0000019DDA891E00][0000019DDB4A0E00 49] Android_Mid, [0000019DDA71A900][0000019DDB4A4F40 49] Android_High, [0000019DDA892000][0000019DDB4AD0C0 49] Android_Default, [0000019DDA71B100][0000019DDB4B1240 49] Android_Adreno4xx, [0000019DDA892200][0000019DDB4B53C0 49] Android_Adreno5xx_Low, [0000019DDA71BD00][0000019DDB4B9540 49] Android_Adreno5xx, [0000019DDA890200][0000019DDB4BD6C0 49] Android_Adreno6xx, [0000019DDA719700][0000019DDB4C1840 49] Android_Adreno6xx_Vulkan, [0000019DDA892700][0000019DDB4C59C0 49] Android_Mali_T6xx, [0000019DDA6ED700][0000019DDB4C9B40 49] Android_Mali_T7xx, [0000019DDA822D00][0000019DDB4CC140 49] Android_Mali_T8xx, [0000019DDA6EFE00][0000019DDAF4A2C0 49] Android_Mali_G71, [0000019DDA823B00][0000019DDAF4E440 49] Android_Mali_G72, [0000019DDA6EFA00][0000019DDAF525C0 49] Android_Mali_G72_Vulkan, [0000019DDA823500][0000019DDAF56740 49] Android_Mali_G76, [0000019DDA6EDB00][0000019DDAF5A8C0 49] Android_Mali_G76_Vulkan, [0000019DDA821F00][0000019DDAF5EA40 49] Android_Mali_G77, [0000019DDA6EF600][0000019DDAF62BC0 49] Android_Mali_G77_Vulkan, [0000019DDA821C00][0000019DDAF66D40 49] Android_Mali_G78, [0000019DDA6ED000][0000019DDB4A8E80 49] Android_Mali_G78_Vulkan, [0000019DDA820500][0000019DDAF6AFC0 49] Android_Mali_G710, [0000019DDA6ED600][0000019DDAF6F100 49] Android_Mali_G710_Vulkan, [0000019DDA822100][0000019DDAF77280 49] Android_Vulkan_SM5, [0000019DDA6EDA00][0000019DDAF7B400 49] Android_PowerVR_G6xxx, [0000019DDA822B00][0000019DDAF7F580 49] Android_PowerVR_GT7xxx, [0000019DDA6EF300][0000019DDAF83700 49] Android_PowerVR_GE8xxx, [0000019DDA823E00][0000019DDAF87880 49] Android_PowerVR_GM9xxx, [0000019DDA6EDF00][0000019DDAF8BA00 49] Android_PowerVR_GM9xxx_Vulkan, [0000019DDA821200][0000019DDAF8FB80 49] Android_TegraK1, [0000019DDA6EFB00][0000019DDAF92180 49] Android_Unknown_Vulkan, [0000019DDA820D00][0000019DDAF96300 49] Lumin, [0000019DDA6EC600][0000019DDAF9A480 49] Lumin_Desktop, [0000019DDA71B300][0000019DDAF9E600 49] HoloLens, 
[2022.06.21-16.18.38:131][  0]LogMeshReduction: Using QuadricMeshReduction for automatic static mesh reduction
[2022.06.21-16.18.38:131][  0]LogMeshReduction: Using SimplygonMeshReduction for automatic skeletal mesh reduction
[2022.06.21-16.18.38:131][  0]LogMeshReduction: Using ProxyLODMeshReduction for automatic mesh merging
[2022.06.21-16.18.38:131][  0]LogMeshReduction: No distributed automatic mesh merging module available
[2022.06.21-16.18.38:131][  0]LogMeshMerging: No distributed automatic mesh merging module available
[2022.06.21-16.18.38:161][  0]LogNetVersion: MyProject4 1.0.0, NetCL: 17155196, EngineNetVer: 17, GameNetVer: 0 (Checksum: 4146347907)
[2022.06.21-16.18.38:867][  0]LogTexture: Default maximum texture size for cubemaps generated from long-lat sources has been changed from 512 to unlimited. In order to preserve old behaiour for '/Engine/MapTemplates/Sky/DaylightAmbientCubemap.DaylightAmbientCubemap', its maximum texture size has been explicitly set to 512.
[2022.06.21-16.18.38:944][  0]LogHMD: PokeAHoleMaterial loaded successfully
[2022.06.21-16.18.38:954][  0]LogUObjectArray: 17179 objects as part of root set at end of initial load.
[2022.06.21-16.18.38:954][  0]LogUObjectAllocator: 4302256 out of 0 bytes used by permanent object pool.
[2022.06.21-16.18.38:954][  0]LogUObjectArray: CloseDisregardForGC: 0/0 objects in disregard for GC pool
[2022.06.21-16.18.39:430][  0]LogNiagaraDebuggerClient: Niagara Debugger Client Initialized | Session: D4BA6B934E3101FC4CBC15BE70467080 | Instance: BBCCB0534F0E82D4143ED38A1A1E758D (DESKTOP-NMBG3BN-17976).
[2022.06.21-16.18.39:507][  0]LogPython: Using Python 3.7.7
[2022.06.21-16.18.40:413][  0]LogTcpMessaging: Initializing TcpMessaging bridge
[2022.06.21-16.18.40:439][  0]LogUdpMessaging: Initializing bridge on interface 0.0.0.0:0 to multicast group 230.0.0.1:6666.
[2022.06.21-16.18.40:588][  0]SourceControl: Source control is disabled
[2022.06.21-16.18.40:588][  0]SourceControl: Source control is disabled
[2022.06.21-16.18.40:604][  0]SourceControl: Source control is disabled
[2022.06.21-16.18.40:610][  0]SourceControl: Source control is disabled
[2022.06.21-16.18.40:617][  0]SourceControl: Source control is disabled
[2022.06.21-16.18.40:638][  0]LogUProjectInfo: Found projects:
[2022.06.21-16.18.40:642][  0]LogVSAccessor: Display: Unable to create Visual Studio setup instance: 80040154
[2022.06.21-16.18.40:643][  0]LogVSAccessor: Display: Unable to create Visual Studio setup instance: 80040154
[2022.06.21-16.18.40:644][  0]LogVSAccessor: Display: Unable to create Visual Studio setup instance: 80040154
[2022.06.21-16.18.40:988][  0]LogOpenImageDenoise: OIDN starting up
[2022.06.21-16.18.41:083][  0]LogAndroidPermission: UAndroidPermissionCallbackProxy::GetInstance
[2022.06.21-16.18.41:118][  0]LogAudioCaptureCore: Display: No Audio Capture implementations found. Audio input will be silent.
[2022.06.21-16.18.41:118][  0]LogAudioCaptureCore: Display: No Audio Capture implementations found. Audio input will be silent.
[2022.06.21-16.18.41:388][  0]LogCollectionManager: Loaded 0 collections in 0.002229 seconds
[2022.06.21-16.18.41:428][  0]LogFileCache: Scanning file cache for directory 'D:/Game dev/Projects_Git/MyProject4/Saved/Collections/' took 0.00s
[2022.06.21-16.18.41:428][  0]LogFileCache: Scanning file cache for directory 'D:/Game dev/Projects_Git/MyProject4/Content/Developers/shiry/Collections/' took 0.00s
[2022.06.21-16.18.41:428][  0]LogFileCache: Scanning file cache for directory 'D:/Game dev/Projects_Git/MyProject4/Content/Collections/' took 0.00s
[2022.06.21-16.18.41:428][  0]LogOcInput: OculusInput pre-init called
[2022.06.21-16.18.41:784][  0]LogEngine: Initializing Engine...
[2022.06.21-16.18.41:786][  0]LogHMD: Failed to enumerate extensions. Please check that you have a valid OpenXR runtime installed.
[2022.06.21-16.18.41:787][  0]LogHMD: Failed to initialize OpenVR with code 110
[2022.06.21-16.18.41:787][  0]LogMagicLeap: Warning: VR disabled because ZI is not enabled.  To enable, in the editor, Edit -> Project Settings -> Plugins -> Magic Leap Plugin -> Enable Zero Iteration
[2022.06.21-16.18.41:788][  0]LogStats: UGameplayTagsManager::InitializeManager -  0.000 s
[2022.06.21-16.18.41:942][  0]LogInit: Initializing FReadOnlyCVARCache
[2022.06.21-16.18.41:955][  0]LogAIModule: Creating AISystem for world Untitled
[2022.06.21-16.18.41:966][  0]LogAudio: Display: Initializing Audio Device Manager...
[2022.06.21-16.18.41:972][  0]LogAudio: Display: Loading Default Audio Settings Objects...
[2022.06.21-16.18.41:973][  0]LogAudio: Display: No default SoundConcurrencyObject specified (or failed to load).
[2022.06.21-16.18.41:974][  0]LogAudio: Display: Audio Device Manager Initialized
[2022.06.21-16.18.41:974][  0]LogAudio: Display: Creating Audio Device:                 Id: 1, Scope: Shared, Realtime: True
[2022.06.21-16.18.41:974][  0]LogAudioMixer: Display: Audio Mixer Platform Settings:
[2022.06.21-16.18.41:974][  0]LogAudioMixer: Display: 	Sample Rate:						  48000
[2022.06.21-16.18.41:974][  0]LogAudioMixer: Display: 	Callback Buffer Frame Size Requested: 1024
[2022.06.21-16.18.41:974][  0]LogAudioMixer: Display: 	Callback Buffer Frame Size To Use:	  1024
[2022.06.21-16.18.41:974][  0]LogAudioMixer: Display: 	Number of buffers to queue:			  2
[2022.06.21-16.18.41:974][  0]LogAudioMixer: Display: 	Max Channels (voices):				  32
[2022.06.21-16.18.41:974][  0]LogAudioMixer: Display: 	Number of Async Source Workers:		  0
[2022.06.21-16.18.41:974][  0]LogAudio: Display: AudioDevice MaxSources: 32
[2022.06.21-16.18.41:974][  0]LogAudio: Display: Audio Spatialization Plugin: None (built-in).
[2022.06.21-16.18.41:975][  0]LogAudio: Display: Audio Reverb Plugin: None (built-in).
[2022.06.21-16.18.41:975][  0]LogAudio: Display: Audio Occlusion Plugin: None (built-in).
[2022.06.21-16.18.41:975][  0]LogAudioMixer: Display: Initializing audio mixer.
[2022.06.21-16.18.41:989][  0]LogAudioMixer: Display: 0: FrontLeft
[2022.06.21-16.18.41:989][  0]LogAudioMixer: Display: 1: FrontRight
[2022.06.21-16.18.47:019][  0]LogAudioMixer: Display: Using Audio Device Наушники (Solo Pro Kote)
[2022.06.21-16.18.47:025][  0]LogAudioMixer: Display: Initializing Sound Submixes...
[2022.06.21-16.18.47:030][  0]LogAudioMixer: Display: Creating Master Submix 'MasterSubmixDefault'
[2022.06.21-16.18.47:030][  0]LogAudioMixer: Display: Creating Master Submix 'MasterReverbSubmixDefault'
[2022.06.21-16.18.47:031][  0]LogAudioMixer: Display: Creating Master Submix 'MasterEQSubmixDefault'
[2022.06.21-16.18.47:032][  0]LogAudioMixer: FMixerPlatformXAudio2::StartAudioStream() called
[2022.06.21-16.18.47:032][  0]LogAudioMixer: Display: Output buffers initialized: Frames=1024, Channels=2, Samples=2048
[2022.06.21-16.18.47:033][  0]LogAudioMixer: Display: Starting AudioMixerPlatformInterface::RunInternal()
[2022.06.21-16.18.47:033][  0]LogAudioMixer: Display: FMixerPlatformXAudio2::SubmitBuffer() called for the first time
[2022.06.21-16.18.47:033][  0]LogInit: FAudioDevice initialized.
[2022.06.21-16.18.47:033][  0]LogAudio: Display: Audio Device (ID: 1) registered with world 'Untitled'.
[2022.06.21-16.18.47:033][  0]LogNetVersion: Set ProjectVersion to 1.0.0.0. Version Checksum will be recalculated on next use.
[2022.06.21-16.18.47:143][  0]LogDerivedDataCache: Saved boot cache 0.11s 94MB C:/Users/shiry/AppData/Local/UnrealEngine/4.27/DerivedDataCache/Boot.ddc.
[2022.06.21-16.18.47:144][  0]LogInit: Texture streaming: Enabled
[2022.06.21-16.18.47:164][  0]LogAnalytics: Display: [UEEditor.Rocket.Release] APIServer = https://datarouter.ol.epicgames.com/. AppVersion = 4.27.2-18319896+++UE4+Release-4.27
[2022.06.21-16.18.47:169][  0]LogEngineSessionManager: EngineSessionManager initialized
[2022.06.21-16.18.47:169][  0]LogEditorSessionSummary: Verbose: Initializing EditorSessionSummaryWriter for editor session tracking
[2022.06.21-16.18.47:171][  0]LogEditorSessionSummary: EditorSessionSummaryWriter initialized
[2022.06.21-16.18.47:193][  0]LogInit: Transaction tracking system initialized
[2022.06.21-16.18.47:223][  0]BlueprintLog: New page: Editor Load
[2022.06.21-16.18.47:338][  0]LocalizationService: Localization service is disabled
[2022.06.21-16.18.47:374][  0]TimingProfiler: Initialize
[2022.06.21-16.18.47:374][  0]TimingProfiler: OnSessionChanged
[2022.06.21-16.18.47:374][  0]LoadingProfiler: Initialize
[2022.06.21-16.18.47:374][  0]LoadingProfiler: OnSessionChanged
[2022.06.21-16.18.47:374][  0]NetworkingProfiler: Initialize
[2022.06.21-16.18.47:374][  0]NetworkingProfiler: OnSessionChanged
[2022.06.21-16.18.47:374][  0]MemoryProfiler: Initialize
[2022.06.21-16.18.47:374][  0]MemoryProfiler: OnSessionChanged
[2022.06.21-16.18.47:476][  0]LogVSAccessor: Display: Unable to create Visual Studio setup instance: 80040154
[2022.06.21-16.18.47:477][  0]LogVSAccessor: Display: Unable to create Visual Studio setup instance: 80040154
[2022.06.21-16.18.47:478][  0]LogVSAccessor: Display: Unable to create Visual Studio setup instance: 80040154
[2022.06.21-16.18.47:619][  0]LogCook: Display: CookSettings for Memory: MemoryMaxUsedVirtual 0MiB, MemoryMaxUsedPhysical 16384MiB, MemoryMinFreeVirtual 0MiB, MemoryMinFreePhysical 1024MiB
[2022.06.21-16.18.47:619][  0]LogCook: Display: Mobile HDR setting 1
[2022.06.21-16.18.47:919][  0]LogFileCache: Scanning file cache for directory 'D:/Game dev/Projects_Git/MyProject4/Content/' took 0.00s
[2022.06.21-16.18.48:204][  0]LogInit: Display: Engine is initialized. Leaving FEngineLoop::Init()
[2022.06.21-16.18.48:212][  0]SourceControl: Source control is disabled
[2022.06.21-16.18.48:212][  0]LogUnrealEdMisc: Loading editor; pre map load, took 31.192
[2022.06.21-16.18.48:212][  0]Cmd: MAP LOAD FILE="../../../../Projects_Git/MyProject4/Content/FirstPersonBP/Maps/FirstPersonExampleMap.umap" TEMPLATE=0 SHOWPROGRESS=1 FEATURELEVEL=3
[2022.06.21-16.18.48:213][  0]LightingResults: New page: Lighting Build
[2022.06.21-16.18.48:215][  0]LogWorld: UWorld::CleanupWorld for Untitled, bSessionEnded=true, bCleanupResources=true
[2022.06.21-16.18.48:215][  0]LogSlate: InvalidateAllWidgets triggered.  All widgets were invalidated
[2022.06.21-16.18.48:215][  0]MapCheck: New page: Map Check
[2022.06.21-16.18.48:215][  0]LightingResults: New page: Lighting Build
[2022.06.21-16.18.48:223][  0]LogAudio: Display: Audio Device unregistered from world 'None'.
[2022.06.21-16.18.48:227][  0]LogUObjectHash: Compacting FUObjectHashTables data took   1.37ms
[2022.06.21-16.18.48:500][  0]LogTexture: Display: Building textures: DeprecatedTexture4E9A31EC459F824B7293D9A5960F381F (BGRA8, 128X128)
[2022.06.21-16.18.48:578][  0]LogAudio: Display: Audio Device (ID: 1) registered with world 'FirstPersonExampleMap'.
[2022.06.21-16.18.48:579][  0]LogAIModule: Creating AISystem for world FirstPersonExampleMap
[2022.06.21-16.18.48:592][  0]LogEditorServer: Finished looking for orphan Actors (0.000 secs)
[2022.06.21-16.18.48:605][  0]LogUObjectHash: Compacting FUObjectHashTables data took   1.14ms
[2022.06.21-16.18.48:606][  0]Cmd: MAP CHECKDEP NOCLEARLOG
[2022.06.21-16.18.48:606][  0]MapCheck: Map check complete: 0 Error(s), 0 Warning(s), took 0,13ms to complete.
[2022.06.21-16.18.48:606][  0]LogFileHelpers: Loading map 'FirstPersonExampleMap' took 0.393
[2022.06.21-16.18.48:608][  0]LogUnrealEdMisc: Total Editor Startup Time, took 31.588
[2022.06.21-16.18.48:729][  0]LogSlate: Updating window title bar state: overlay mode, drag disabled, window buttons hidden, title bar hidden
[2022.06.21-16.18.48:737][  0]LogSlate: Updating window title bar state: overlay mode, drag disabled, window buttons hidden, title bar hidden
[2022.06.21-16.18.48:746][  0]LogSlate: Updating window title bar state: overlay mode, drag disabled, window buttons hidden, title bar hidden
[2022.06.21-16.18.48:755][  0]LogSlate: Updating window title bar state: overlay mode, drag disabled, window buttons hidden, title bar hidden
[2022.06.21-16.18.48:775][  0]LogNativeClassHierarchy: Verbose: Native class hierarchy populated in 0.0131 seconds. Added 3822 classes and 928 folders.
[2022.06.21-16.18.48:777][  0]LogNativeClassHierarchy: Verbose: Native class hierarchy updated for 'WidgetCarousel' in 0.0004 seconds. Added 0 classes and 0 folders.
[2022.06.21-16.18.48:780][  0]LogPakFile: PakFile PrimaryIndexSize=187
[2022.06.21-16.18.48:780][  0]LogPakFile: PakFile PathHashIndexSize=101
[2022.06.21-16.18.48:780][  0]LogPakFile: PakFile FullDirectoryIndexSize=148
[2022.06.21-16.18.48:780][  0]LogShaderLibrary: Display: ShaderCodeLibraryPakFileMountedCallback: PakFile 'D:/Game dev/UE_4.27/FeaturePacks/FP_FirstPerson.upack' (chunk index -1, root 'root:/') mounted
[2022.06.21-16.18.48:780][  0]LogShaderLibrary: Display: ShaderCodeLibraryPakFileMountedCallback: pending pak file info (ChunkID:-1 Root:root:/ File:D:/Game dev/UE_4.27/FeaturePacks/FP_FirstPerson.upack)
[2022.06.21-16.18.48:780][  0]LogPakFile: OnPakFileMounted2Time == 0.000067
[2022.06.21-16.18.48:781][  0]LogPakFile: PakFile PrimaryIndexSize=189
[2022.06.21-16.18.48:781][  0]LogPakFile: PakFile PathHashIndexSize=101
[2022.06.21-16.18.48:781][  0]LogPakFile: PakFile FullDirectoryIndexSize=152
[2022.06.21-16.18.48:781][  0]LogShaderLibrary: Display: ShaderCodeLibraryPakFileMountedCallback: PakFile 'D:/Game dev/UE_4.27/FeaturePacks/FP_FirstPersonBP.upack' (chunk index -1, root 'root:/') mounted
[2022.06.21-16.18.48:781][  0]LogShaderLibrary: Display: ShaderCodeLibraryPakFileMountedCallback: pending pak file info (ChunkID:-1 Root:root:/ File:D:/Game dev/UE_4.27/FeaturePacks/FP_FirstPersonBP.upack)
[2022.06.21-16.18.48:781][  0]LogPakFile: OnPakFileMounted2Time == 0.000054
[2022.06.21-16.18.48:782][  0]LogPakFile: PakFile PrimaryIndexSize=191
[2022.06.21-16.18.48:782][  0]LogPakFile: PakFile PathHashIndexSize=101
[2022.06.21-16.18.48:782][  0]LogPakFile: PakFile FullDirectoryIndexSize=160
[2022.06.21-16.18.48:782][  0]LogShaderLibrary: Display: ShaderCodeLibraryPakFileMountedCallback: PakFile 'D:/Game dev/UE_4.27/FeaturePacks/MobileStarterContent.upack' (chunk index -1, root 'root:/') mounted
[2022.06.21-16.18.48:782][  0]LogShaderLibrary: Display: ShaderCodeLibraryPakFileMountedCallback: pending pak file info (ChunkID:-1 Root:root:/ File:D:/Game dev/UE_4.27/FeaturePacks/MobileStarterContent.upack)
[2022.06.21-16.18.48:782][  0]LogPakFile: OnPakFileMounted2Time == 0.000046
[2022.06.21-16.18.48:783][  0]LogPakFile: PakFile PrimaryIndexSize=185
[2022.06.21-16.18.48:783][  0]LogPakFile: PakFile PathHashIndexSize=101
[2022.06.21-16.18.48:783][  0]LogPakFile: PakFile FullDirectoryIndexSize=148
[2022.06.21-16.18.48:783][  0]LogShaderLibrary: Display: ShaderCodeLibraryPakFileMountedCallback: PakFile 'D:/Game dev/UE_4.27/FeaturePacks/StarterContent.upack' (chunk index -1, root 'root:/') mounted
[2022.06.21-16.18.48:783][  0]LogShaderLibrary: Display: ShaderCodeLibraryPakFileMountedCallback: pending pak file info (ChunkID:-1 Root:root:/ File:D:/Game dev/UE_4.27/FeaturePacks/StarterContent.upack)
[2022.06.21-16.18.48:783][  0]LogPakFile: OnPakFileMounted2Time == 0.000044
[2022.06.21-16.18.48:784][  0]LogPakFile: PakFile PrimaryIndexSize=190
[2022.06.21-16.18.48:784][  0]LogPakFile: PakFile PathHashIndexSize=101
[2022.06.21-16.18.48:784][  0]LogPakFile: PakFile FullDirectoryIndexSize=154
[2022.06.21-16.18.48:784][  0]LogShaderLibrary: Display: ShaderCodeLibraryPakFileMountedCallback: PakFile 'D:/Game dev/UE_4.27/FeaturePacks/TP_2DSideScroller.upack' (chunk index -1, root 'root:/') mounted
[2022.06.21-16.18.48:784][  0]LogShaderLibrary: Display: ShaderCodeLibraryPakFileMountedCallback: pending pak file info (ChunkID:-1 Root:root:/ File:D:/Game dev/UE_4.27/FeaturePacks/TP_2DSideScroller.upack)
[2022.06.21-16.18.48:784][  0]LogPakFile: OnPakFileMounted2Time == 0.000041
[2022.06.21-16.18.48:785][  0]LogPakFile: PakFile PrimaryIndexSize=192
[2022.06.21-16.18.48:785][  0]LogPakFile: PakFile PathHashIndexSize=101
[2022.06.21-16.18.48:785][  0]LogPakFile: PakFile FullDirectoryIndexSize=158
[2022.06.21-16.18.48:785][  0]LogShaderLibrary: Display: ShaderCodeLibraryPakFileMountedCallback: PakFile 'D:/Game dev/UE_4.27/FeaturePacks/TP_2DSideScrollerBP.upack' (chunk index -1, root 'root:/') mounted
[2022.06.21-16.18.48:785][  0]LogShaderLibrary: Display: ShaderCodeLibraryPakFileMountedCallback: pending pak file info (ChunkID:-1 Root:root:/ File:D:/Game dev/UE_4.27/FeaturePacks/TP_2DSideScrollerBP.upack)
[2022.06.21-16.18.48:785][  0]LogPakFile: OnPakFileMounted2Time == 0.000043
[2022.06.21-16.18.48:786][  0]LogPakFile: PakFile PrimaryIndexSize=182
[2022.06.21-16.18.48:786][  0]LogPakFile: PakFile PathHashIndexSize=101
[2022.06.21-16.18.48:786][  0]LogPakFile: PakFile FullDirectoryIndexSize=138
[2022.06.21-16.18.48:786][  0]LogShaderLibrary: Display: ShaderCodeLibraryPakFileMountedCallback: PakFile 'D:/Game dev/UE_4.27/FeaturePacks/TP_Flying.upack' (chunk index -1, root 'root:/') mounted
[2022.06.21-16.18.48:786][  0]LogShaderLibrary: Display: ShaderCodeLibraryPakFileMountedCallback: pending pak file info (ChunkID:-1 Root:root:/ File:D:/Game dev/UE_4.27/FeaturePacks/TP_Flying.upack)
[2022.06.21-16.18.48:787][  0]LogPakFile: OnPakFileMounted2Time == 0.000041
[2022.06.21-16.18.48:787][  0]LogPakFile: PakFile PrimaryIndexSize=184
[2022.06.21-16.18.48:787][  0]LogPakFile: PakFile PathHashIndexSize=101
[2022.06.21-16.18.48:787][  0]LogPakFile: PakFile FullDirectoryIndexSize=142
[2022.06.21-16.18.48:787][  0]LogShaderLibrary: Display: ShaderCodeLibraryPakFileMountedCallback: PakFile 'D:/Game dev/UE_4.27/FeaturePacks/TP_FlyingBP.upack' (chunk index -1, root 'root:/') mounted
[2022.06.21-16.18.48:787][  0]LogShaderLibrary: Display: ShaderCodeLibraryPakFileMountedCallback: pending pak file info (ChunkID:-1 Root:root:/ File:D:/Game dev/UE_4.27/FeaturePacks/TP_FlyingBP.upack)
[2022.06.21-16.18.48:788][  0]LogPakFile: OnPakFileMounted2Time == 0.000050
[2022.06.21-16.18.48:789][  0]LogPakFile: PakFile PrimaryIndexSize=188
[2022.06.21-16.18.48:789][  0]LogPakFile: PakFile PathHashIndexSize=101
[2022.06.21-16.18.48:789][  0]LogPakFile: PakFile FullDirectoryIndexSize=150
[2022.06.21-16.18.48:789][  0]LogShaderLibrary: Display: ShaderCodeLibraryPakFileMountedCallback: PakFile 'D:/Game dev/UE_4.27/FeaturePacks/TP_HandheldARBP.upack' (chunk index -1, root 'root:/') mounted
[2022.06.21-16.18.48:789][  0]LogShaderLibrary: Display: ShaderCodeLibraryPakFileMountedCallback: pending pak file info (ChunkID:-1 Root:root:/ File:D:/Game dev/UE_4.27/FeaturePacks/TP_HandheldARBP.upack)
[2022.06.21-16.18.48:789][  0]LogPakFile: OnPakFileMounted2Time == 0.000049
[2022.06.21-16.18.48:790][  0]LogPakFile: PakFile PrimaryIndexSize=182
[2022.06.21-16.18.48:790][  0]LogPakFile: PakFile PathHashIndexSize=101
[2022.06.21-16.18.48:790][  0]LogPakFile: PakFile FullDirectoryIndexSize=138
[2022.06.21-16.18.48:790][  0]LogShaderLibrary: Display: ShaderCodeLibraryPakFileMountedCallback: PakFile 'D:/Game dev/UE_4.27/FeaturePacks/TP_Puzzle.upack' (chunk index -1, root 'root:/') mounted
[2022.06.21-16.18.48:790][  0]LogShaderLibrary: Display: ShaderCodeLibraryPakFileMountedCallback: pending pak file info (ChunkID:-1 Root:root:/ File:D:/Game dev/UE_4.27/FeaturePacks/TP_Puzzle.upack)
[2022.06.21-16.18.48:790][  0]LogPakFile: OnPakFileMounted2Time == 0.000049
[2022.06.21-16.18.48:791][  0]LogPakFile: PakFile PrimaryIndexSize=184
[2022.06.21-16.18.48:792][  0]LogPakFile: PakFile PathHashIndexSize=101
[2022.06.21-16.18.48:792][  0]LogPakFile: PakFile FullDirectoryIndexSize=142
[2022.06.21-16.18.48:792][  0]LogShaderLibrary: Display: ShaderCodeLibraryPakFileMountedCallback: PakFile 'D:/Game dev/UE_4.27/FeaturePacks/TP_PuzzleBP.upack' (chunk index -1, root 'root:/') mounted
[2022.06.21-16.18.48:792][  0]LogShaderLibrary: Display: ShaderCodeLibraryPakFileMountedCallback: pending pak file info (ChunkID:-1 Root:root:/ File:D:/Game dev/UE_4.27/FeaturePacks/TP_PuzzleBP.upack)
[2022.06.21-16.18.48:792][  0]LogPakFile: OnPakFileMounted2Time == 0.000042
[2022.06.21-16.18.48:793][  0]LogPakFile: PakFile PrimaryIndexSize=183
[2022.06.21-16.18.48:793][  0]LogPakFile: PakFile PathHashIndexSize=101
[2022.06.21-16.18.48:793][  0]LogPakFile: PakFile FullDirectoryIndexSize=140
[2022.06.21-16.18.48:793][  0]LogShaderLibrary: Display: ShaderCodeLibraryPakFileMountedCallback: PakFile 'D:/Game dev/UE_4.27/FeaturePacks/TP_Rolling.upack' (chunk index -1, root 'root:/') mounted
[2022.06.21-16.18.48:793][  0]LogShaderLibrary: Display: ShaderCodeLibraryPakFileMountedCallback: pending pak file info (ChunkID:-1 Root:root:/ File:D:/Game dev/UE_4.27/FeaturePacks/TP_Rolling.upack)
[2022.06.21-16.18.48:793][  0]LogPakFile: OnPakFileMounted2Time == 0.000040
[2022.06.21-16.18.48:794][  0]LogPakFile: PakFile PrimaryIndexSize=185
[2022.06.21-16.18.48:794][  0]LogPakFile: PakFile PathHashIndexSize=101
[2022.06.21-16.18.48:794][  0]LogPakFile: PakFile FullDirectoryIndexSize=144
[2022.06.21-16.18.48:794][  0]LogShaderLibrary: Display: ShaderCodeLibraryPakFileMountedCallback: PakFile 'D:/Game dev/UE_4.27/FeaturePacks/TP_RollingBP.upack' (chunk index -1, root 'root:/') mounted
[2022.06.21-16.18.48:794][  0]LogShaderLibrary: Display: ShaderCodeLibraryPakFileMountedCallback: pending pak file info (ChunkID:-1 Root:root:/ File:D:/Game dev/UE_4.27/FeaturePacks/TP_RollingBP.upack)
[2022.06.21-16.18.48:794][  0]LogPakFile: OnPakFileMounted2Time == 0.000042
[2022.06.21-16.18.48:795][  0]LogPakFile: PakFile PrimaryIndexSize=188
[2022.06.21-16.18.48:795][  0]LogPakFile: PakFile PathHashIndexSize=101
[2022.06.21-16.18.48:795][  0]LogPakFile: PakFile FullDirectoryIndexSize=150
[2022.06.21-16.18.48:795][  0]LogShaderLibrary: Display: ShaderCodeLibraryPakFileMountedCallback: PakFile 'D:/Game dev/UE_4.27/FeaturePacks/TP_SideScroller.upack' (chunk index -1, root 'root:/') mounted
[2022.06.21-16.18.48:795][  0]LogShaderLibrary: Display: ShaderCodeLibraryPakFileMountedCallback: pending pak file info (ChunkID:-1 Root:root:/ File:D:/Game dev/UE_4.27/FeaturePacks/TP_SideScroller.upack)
[2022.06.21-16.18.48:795][  0]LogPakFile: OnPakFileMounted2Time == 0.000041
[2022.06.21-16.18.48:796][  0]LogPakFile: PakFile PrimaryIndexSize=190
[2022.06.21-16.18.48:796][  0]LogPakFile: PakFile PathHashIndexSize=101
[2022.06.21-16.18.48:796][  0]LogPakFile: PakFile FullDirectoryIndexSize=154
[2022.06.21-16.18.48:796][  0]LogShaderLibrary: Display: ShaderCodeLibraryPakFileMountedCallback: PakFile 'D:/Game dev/UE_4.27/FeaturePacks/TP_SideScrollerBP.upack' (chunk index -1, root 'root:/') mounted
[2022.06.21-16.18.48:796][  0]LogShaderLibrary: Display: ShaderCodeLibraryPakFileMountedCallback: pending pak file info (ChunkID:-1 Root:root:/ File:D:/Game dev/UE_4.27/FeaturePacks/TP_SideScrollerBP.upack)
[2022.06.21-16.18.48:796][  0]LogPakFile: OnPakFileMounted2Time == 0.000046
[2022.06.21-16.18.48:797][  0]LogPakFile: PakFile PrimaryIndexSize=187
[2022.06.21-16.18.48:797][  0]LogPakFile: PakFile PathHashIndexSize=101
[2022.06.21-16.18.48:797][  0]LogPakFile: PakFile FullDirectoryIndexSize=148
[2022.06.21-16.18.48:797][  0]LogShaderLibrary: Display: ShaderCodeLibraryPakFileMountedCallback: PakFile 'D:/Game dev/UE_4.27/FeaturePacks/TP_ThirdPerson.upack' (chunk index -1, root 'root:/') mounted
[2022.06.21-16.18.48:797][  0]LogShaderLibrary: Display: ShaderCodeLibraryPakFileMountedCallback: pending pak file info (ChunkID:-1 Root:root:/ File:D:/Game dev/UE_4.27/FeaturePacks/TP_ThirdPerson.upack)
[2022.06.21-16.18.48:797][  0]LogPakFile: OnPakFileMounted2Time == 0.000050
[2022.06.21-16.18.48:798][  0]LogPakFile: PakFile PrimaryIndexSize=189
[2022.06.21-16.18.48:798][  0]LogPakFile: PakFile PathHashIndexSize=101
[2022.06.21-16.18.48:798][  0]LogPakFile: PakFile FullDirectoryIndexSize=152
[2022.06.21-16.18.48:799][  0]LogShaderLibrary: Display: ShaderCodeLibraryPakFileMountedCallback: PakFile 'D:/Game dev/UE_4.27/FeaturePacks/TP_ThirdPersonBP.upack' (chunk index -1, root 'root:/') mounted
[2022.06.21-16.18.48:799][  0]LogShaderLibrary: Display: ShaderCodeLibraryPakFileMountedCallback: pending pak file info (ChunkID:-1 Root:root:/ File:D:/Game dev/UE_4.27/FeaturePacks/TP_ThirdPersonBP.upack)
[2022.06.21-16.18.48:799][  0]LogPakFile: OnPakFileMounted2Time == 0.000052
[2022.06.21-16.18.48:800][  0]LogPakFile: PakFile PrimaryIndexSize=183
[2022.06.21-16.18.48:800][  0]LogPakFile: PakFile PathHashIndexSize=101
[2022.06.21-16.18.48:800][  0]LogPakFile: PakFile FullDirectoryIndexSize=140
[2022.06.21-16.18.48:800][  0]LogShaderLibrary: Display: ShaderCodeLibraryPakFileMountedCallback: PakFile 'D:/Game dev/UE_4.27/FeaturePacks/TP_TopDown.upack' (chunk index -1, root 'root:/') mounted
[2022.06.21-16.18.48:800][  0]LogShaderLibrary: Display: ShaderCodeLibraryPakFileMountedCallback: pending pak file info (ChunkID:-1 Root:root:/ File:D:/Game dev/UE_4.27/FeaturePacks/TP_TopDown.upack)
[2022.06.21-16.18.48:800][  0]LogPakFile: OnPakFileMounted2Time == 0.000053
[2022.06.21-16.18.48:801][  0]LogPakFile: PakFile PrimaryIndexSize=185
[2022.06.21-16.18.48:801][  0]LogPakFile: PakFile PathHashIndexSize=101
[2022.06.21-16.18.48:801][  0]LogPakFile: PakFile FullDirectoryIndexSize=144
[2022.06.21-16.18.48:801][  0]LogShaderLibrary: Display: ShaderCodeLibraryPakFileMountedCallback: PakFile 'D:/Game dev/UE_4.27/FeaturePacks/TP_TopDownBP.upack' (chunk index -1, root 'root:/') mounted
[2022.06.21-16.18.48:801][  0]LogShaderLibrary: Display: ShaderCodeLibraryPakFileMountedCallback: pending pak file info (ChunkID:-1 Root:root:/ File:D:/Game dev/UE_4.27/FeaturePacks/TP_TopDownBP.upack)
[2022.06.21-16.18.48:801][  0]LogPakFile: OnPakFileMounted2Time == 0.000043
[2022.06.21-16.18.48:802][  0]LogPakFile: PakFile PrimaryIndexSize=185
[2022.06.21-16.18.48:802][  0]LogPakFile: PakFile PathHashIndexSize=101
[2022.06.21-16.18.48:802][  0]LogPakFile: PakFile FullDirectoryIndexSize=144
[2022.06.21-16.18.48:802][  0]LogShaderLibrary: Display: ShaderCodeLibraryPakFileMountedCallback: PakFile 'D:/Game dev/UE_4.27/FeaturePacks/TP_TwinStick.upack' (chunk index -1, root 'root:/') mounted
[2022.06.21-16.18.48:802][  0]LogShaderLibrary: Display: ShaderCodeLibraryPakFileMountedCallback: pending pak file info (ChunkID:-1 Root:root:/ File:D:/Game dev/UE_4.27/FeaturePacks/TP_TwinStick.upack)
[2022.06.21-16.18.48:802][  0]LogPakFile: OnPakFileMounted2Time == 0.000044
[2022.06.21-16.18.48:803][  0]LogPakFile: PakFile PrimaryIndexSize=187
[2022.06.21-16.18.48:803][  0]LogPakFile: PakFile PathHashIndexSize=101
[2022.06.21-16.18.48:803][  0]LogPakFile: PakFile FullDirectoryIndexSize=148
[2022.06.21-16.18.48:803][  0]LogShaderLibrary: Display: ShaderCodeLibraryPakFileMountedCallback: PakFile 'D:/Game dev/UE_4.27/FeaturePacks/TP_TwinStickBP.upack' (chunk index -1, root 'root:/') mounted
[2022.06.21-16.18.48:803][  0]LogShaderLibrary: Display: ShaderCodeLibraryPakFileMountedCallback: pending pak file info (ChunkID:-1 Root:root:/ File:D:/Game dev/UE_4.27/FeaturePacks/TP_TwinStickBP.upack)
[2022.06.21-16.18.48:803][  0]LogPakFile: OnPakFileMounted2Time == 0.000048
[2022.06.21-16.18.48:804][  0]LogPakFile: PakFile PrimaryIndexSize=183
[2022.06.21-16.18.48:804][  0]LogPakFile: PakFile PathHashIndexSize=101
[2022.06.21-16.18.48:804][  0]LogPakFile: PakFile FullDirectoryIndexSize=140
[2022.06.21-16.18.48:804][  0]LogShaderLibrary: Display: ShaderCodeLibraryPakFileMountedCallback: PakFile 'D:/Game dev/UE_4.27/FeaturePacks/TP_Vehicle.upack' (chunk index -1, root 'root:/') mounted
[2022.06.21-16.18.48:804][  0]LogShaderLibrary: Display: ShaderCodeLibraryPakFileMountedCallback: pending pak file info (ChunkID:-1 Root:root:/ File:D:/Game dev/UE_4.27/FeaturePacks/TP_Vehicle.upack)
[2022.06.21-16.18.48:804][  0]LogPakFile: OnPakFileMounted2Time == 0.000047
[2022.06.21-16.18.48:805][  0]LogPakFile: PakFile PrimaryIndexSize=186
[2022.06.21-16.18.48:805][  0]LogPakFile: PakFile PathHashIndexSize=101
[2022.06.21-16.18.48:805][  0]LogPakFile: PakFile FullDirectoryIndexSize=146
[2022.06.21-16.18.48:805][  0]LogShaderLibrary: Display: ShaderCodeLibraryPakFileMountedCallback: PakFile 'D:/Game dev/UE_4.27/FeaturePacks/TP_VehicleAdv.upack' (chunk index -1, root 'root:/') mounted
[2022.06.21-16.18.48:805][  0]LogShaderLibrary: Display: ShaderCodeLibraryPakFileMountedCallback: pending pak file info (ChunkID:-1 Root:root:/ File:D:/Game dev/UE_4.27/FeaturePacks/TP_VehicleAdv.upack)
[2022.06.21-16.18.48:805][  0]LogPakFile: OnPakFileMounted2Time == 0.000052
[2022.06.21-16.18.48:807][  0]LogPakFile: PakFile PrimaryIndexSize=188
[2022.06.21-16.18.48:807][  0]LogPakFile: PakFile PathHashIndexSize=101
[2022.06.21-16.18.48:807][  0]LogPakFile: PakFile FullDirectoryIndexSize=150
[2022.06.21-16.18.48:807][  0]LogShaderLibrary: Display: ShaderCodeLibraryPakFileMountedCallback: PakFile 'D:/Game dev/UE_4.27/FeaturePacks/TP_VehicleAdvBP.upack' (chunk index -1, root 'root:/') mounted
[2022.06.21-16.18.48:807][  0]LogShaderLibrary: Display: ShaderCodeLibraryPakFileMountedCallback: pending pak file info (ChunkID:-1 Root:root:/ File:D:/Game dev/UE_4.27/FeaturePacks/TP_VehicleAdvBP.upack)
[2022.06.21-16.18.48:807][  0]LogPakFile: OnPakFileMounted2Time == 0.000051
[2022.06.21-16.18.48:808][  0]LogPakFile: PakFile PrimaryIndexSize=185
[2022.06.21-16.18.48:808][  0]LogPakFile: PakFile PathHashIndexSize=101
[2022.06.21-16.18.48:808][  0]LogPakFile: PakFile FullDirectoryIndexSize=144
[2022.06.21-16.18.48:808][  0]LogShaderLibrary: Display: ShaderCodeLibraryPakFileMountedCallback: PakFile 'D:/Game dev/UE_4.27/FeaturePacks/TP_VehicleBP.upack' (chunk index -1, root 'root:/') mounted
[2022.06.21-16.18.48:808][  0]LogShaderLibrary: Display: ShaderCodeLibraryPakFileMountedCallback: pending pak file info (ChunkID:-1 Root:root:/ File:D:/Game dev/UE_4.27/FeaturePacks/TP_VehicleBP.upack)
[2022.06.21-16.18.48:809][  0]LogPakFile: OnPakFileMounted2Time == 0.000048
[2022.06.21-16.18.48:810][  0]LogPakFile: PakFile PrimaryIndexSize=192
[2022.06.21-16.18.48:810][  0]LogPakFile: PakFile PathHashIndexSize=101
[2022.06.21-16.18.48:810][  0]LogPakFile: PakFile FullDirectoryIndexSize=158
[2022.06.21-16.18.48:810][  0]LogShaderLibrary: Display: ShaderCodeLibraryPakFileMountedCallback: PakFile 'D:/Game dev/UE_4.27/FeaturePacks/TP_VirtualRealityBP.upack' (chunk index -1, root 'root:/') mounted
[2022.06.21-16.18.48:810][  0]LogShaderLibrary: Display: ShaderCodeLibraryPakFileMountedCallback: pending pak file info (ChunkID:-1 Root:root:/ File:D:/Game dev/UE_4.27/FeaturePacks/TP_VirtualRealityBP.upack)
[2022.06.21-16.18.48:810][  0]LogPakFile: OnPakFileMounted2Time == 0.000054
[2022.06.21-16.18.48:900][  0]LogNativeClassHierarchy: Verbose: Native class hierarchy updated for 'AddContentDialog' in 0.0004 seconds. Added 0 classes and 0 folders.
[2022.06.21-16.18.48:901][  0]LogNativeClassHierarchy: Verbose: Native class hierarchy updated for 'SceneOutliner' in 0.0004 seconds. Added 2 classes and 0 folders.
[2022.06.21-16.18.49:056][  0]LogSlate: Took 0.000532 seconds to synchronously load lazily loaded font '../../../Engine/Content/Slate/Fonts/Roboto-Regular.ttf' (155K)
[2022.06.21-16.18.49:059][  0]LogSlate: Took 0.000454 seconds to synchronously load lazily loaded font '../../../Engine/Content/Editor/Slate/Fonts/FontAwesome.ttf' (139K)
[2022.06.21-16.18.49:060][  0]LogSlate: Took 0.000356 seconds to synchronously load lazily loaded font '../../../Engine/Content/Slate/Fonts/Roboto-Bold.ttf' (160K)
[2022.06.21-16.18.49:179][  0]LogRenderer: Reallocating scene render targets to support 1236x684 Format 9 NumSamples 1 (Frame:1).
[2022.06.21-16.18.49:367][  0]LogNativeClassHierarchy: Verbose: Native class hierarchy updated for 'HierarchicalLODOutliner' in 0.0004 seconds. Added 0 classes and 0 folders.
[2022.06.21-16.18.49:367][  0]LogLoad: (Engine Initialization) Total time: 32.35 seconds
[2022.06.21-16.18.49:367][  0]LogLoad: (Engine Initialization) Total Blueprint compile time: 0.00 seconds
[2022.06.21-16.18.49:428][  0]LogAssetRegistry: Asset discovery search completed in 12.0581 seconds
[2022.06.21-16.18.49:436][  0]LogCollectionManager: Fixed up redirectors for 0 collections in 0.000004 seconds (updated 0 objects)
[2022.06.21-16.18.49:438][  0]LogContentStreaming: Texture pool size now 600 MB
[2022.06.21-16.18.50:067][  2]LogSlate: Took 0.000352 seconds to synchronously load lazily loaded font '../../../Engine/Content/Slate/Fonts/Roboto-Light.ttf' (167K)
[2022.06.21-16.18.54:985][311]LogWindows: Warning: CreateProc failed: Не удается найти указанный файл. (0x00000002)
[2022.06.21-16.18.54:985][311]LogWindows: Warning: URL: C:/Program Files/Git/bin/git.exe version
[2022.06.21-16.18.54:985][311]LogWindows: Warning: CreateProc failed: Не удается найти указанный файл. (0x00000002)
[2022.06.21-16.18.54:985][311]LogWindows: Warning: URL: C:/Program Files (x86)/Git/bin/git.exe version
[2022.06.21-16.18.54:985][311]LogWindows: Warning: CreateProc failed: Не удается найти указанный файл. (0x00000002)
[2022.06.21-16.18.54:985][311]LogWindows: Warning: URL: C:\Users\shiry\AppData\Local/Programs/Git/cmd/git.exe version
[2022.06.21-16.18.54:985][311]LogWindows: Warning: CreateProc failed: Не удается найти указанный файл. (0x00000002)
[2022.06.21-16.18.54:985][311]LogWindows: Warning: URL: C:/Program Files (x86)/SmartGit/git/bin/git.exe version
[2022.06.21-16.18.54:985][311]LogWindows: Warning: CreateProc failed: Не удается найти указанный файл. (0x00000002)
[2022.06.21-16.18.54:986][311]LogWindows: Warning: URL: C:/Program Files (x86)/SmartGit/bin/git.exe version
[2022.06.21-16.18.54:986][311]LogWindows: Warning: CreateProc failed: Не удается найти указанный файл. (0x00000002)
[2022.06.21-16.18.54:986][311]LogWindows: Warning: URL: C:\Users\shiry\AppData\Local/Atlassian/SourceTree/git_local/bin/git.exe version
[2022.06.21-16.18.54:986][311]LogWindows: Warning: CreateProc failed: Не удается найти указанный файл. (0x00000002)
[2022.06.21-16.18.54:986][311]LogWindows: Warning: URL: C:/Program Files (x86)/fournova/Tower/vendor/Git/bin/git.exe version
[2022.06.21-16.19.31:738][732]LogWindows: Warning: CreateProc failed: Отказано в доступе. (0x00000005)
[2022.06.21-16.19.31:738][732]LogWindows: Warning: URL: D:/Game dev/UE_4.27/Engine/Binaries/Win64/ version
[2022.06.21-16.20.48:621][557]LogWindows: Warning: CreateProc failed: Отказано в доступе. (0x00000005)
[2022.06.21-16.20.48:621][557]LogWindows: Warning: URL: D:/Game dev/UE_4.27/Engine/Binaries/Win64/ version
[2022.06.21-16.20.48:621][557]SourceControl: Error: Connection Error: Failed to enable Git source control. You need to install Git and specify a valid path to git executable.
[2022.06.21-16.20.58:917][160]LogSlate: Took 0.000347 seconds to synchronously load lazily loaded font '../../../Engine/Content/Slate/Fonts/DroidSansMono.ttf' (77K)
[2022.06.21-16.21.06:376][606]LogSlate: Window 'Message Log' being destroyed
[2022.06.21-16.21.06:381][606]LogSlate: Window 'Message Log' being destroyed
[2022.06.21-16.21.53:876][252]LogWindows: Warning: CreateProc failed: Отказано в доступе. (0x00000005)
[2022.06.21-16.21.53:876][252]LogWindows: Warning: URL: D:/Game dev/UE_4.27/Engine/Binaries/Win64/ version
[2022.06.21-16.21.53:876][252]SourceControl: Error: Connection Error: Failed to enable Git source control. You need to install Git and specify a valid path to git executable.
[2022.06.21-16.37.48:523][107]SourceControl: Source control is disabled
[2022.06.21-16.37.48:523][107]LogSlate: Window 'Source Control Login' being destroyed
[2022.06.21-16.38.09:675][158]LogWindows: Warning: CreateProc failed: Отказано в доступе. (0x00000005)
[2022.06.21-16.38.09:676][158]LogWindows: Warning: URL: D:/Game dev/UE_4.27/Engine/Binaries/Win64/ version
[2022.06.21-16.38.22:096][902]LogWindows: Warning: CreateProc failed: Отказано в доступе. (0x00000005)
[2022.06.21-16.38.22:096][902]LogWindows: Warning: URL: D:/Game dev/UE_4.27/Engine/Binaries/Win64/ version
[2022.06.21-16.38.22:096][902]SourceControl: Error: Connection Error: Failed to enable Git source control. You need to install Git and specify a valid path to git executable.
[2022.06.21-16.40.31:547][961]LogSlate: Window 'Source Control Login' being destroyed
[2022.06.21-16.41.43:035][ 47]LogEditorViewport: Clicking on Actor (LMB): StaticMeshActor (EditorCube8)
[2022.06.21-16.41.48:188][343]Cmd: TRANSACTION UNDO
[2022.06.21-16.41.48:188][343]LogEditorTransaction: Undo Move Actors
[2022.06.21-16.41.48:201][343]LogSlate: Took 0.000554 seconds to synchronously load lazily loaded font '../../../Engine/Content/Slate/Fonts/Roboto-Light.ttf' (167K)
